[2017-04-12 16:23:49] production.ERROR: PDOException: PDO::__construct(): php_network_getaddresses: getaddrinfo failed: Name or service not known in /opt/lampp/htdocs/kiko.designer.master/vendor/laravel/framework/src/Illuminate/Database/Connectors/Connector.php:55
Stack trace:
#0 /opt/lampp/htdocs/kiko.designer.master/vendor/laravel/framework/src/Illuminate/Database/Connectors/Connector.php(55): PDO->__construct('mysql:host=brig...', 'brightgr_design...', 'uuq3cscAma1CYkJ...', Array)
#1 /opt/lampp/htdocs/kiko.designer.master/vendor/laravel/framework/src/Illuminate/Database/Connectors/MySqlConnector.php(24): Illuminate\Database\Connectors\Connector->createConnection('mysql:host=brig...', Array, Array)
#2 /opt/lampp/htdocs/kiko.designer.master/vendor/laravel/framework/src/Illuminate/Database/Connectors/ConnectionFactory.php(61): Illuminate\Database\Connectors\MySqlConnector->connect(Array)
#3 [internal function]: Illuminate\Database\Connectors\ConnectionFactory->Illuminate\Database\Connectors\{closure}()
#4 /opt/lampp/htdocs/kiko.designer.master/vendor/laravel/framework/src/Illuminate/Database/Connection.php(908): call_user_func(Object(Closure))
#5 /opt/lampp/htdocs/kiko.designer.master/vendor/laravel/framework/src/Illuminate/Database/Connection.php(776): Illuminate\Database\Connection->getPdo()
#6 /opt/lampp/htdocs/kiko.designer.master/vendor/laravel/framework/src/Illuminate/Database/Connection.php(661): Illuminate\Database\Connection->reconnectIfMissingConnection()
#7 /opt/lampp/htdocs/kiko.designer.master/vendor/laravel/framework/src/Illuminate/Database/Connection.php(342): Illuminate\Database\Connection->run('select * from `...', Array, Object(Closure))
#8 /opt/lampp/htdocs/kiko.designer.master/vendor/laravel/framework/src/Illuminate/Database/Query/Builder.php(1583): Illuminate\Database\Connection->select('select * from `...', Array, true)
#9 /opt/lampp/htdocs/kiko.designer.master/vendor/laravel/framework/src/Illuminate/Database/Query/Builder.php(1569): Illuminate\Database\Query\Builder->runSelect()
#10 /opt/lampp/htdocs/kiko.designer.master/vendor/laravel/framework/src/Illuminate/Database/Query/Builder.php(1550): Illuminate\Database\Query\Builder->get(Array)
#11 /opt/lampp/htdocs/kiko.designer.master/vendor/laravel/framework/src/Illuminate/Database/Query/Builder.php(1526): Illuminate\Database\Query\Builder->first(Array)
#12 /opt/lampp/htdocs/kiko.designer.master/vendor/laravel/framework/src/Illuminate/Session/DatabaseSessionHandler.php(76): Illuminate\Database\Query\Builder->find('02f2f09b95a8683...')
#13 /opt/lampp/htdocs/kiko.designer.master/vendor/laravel/framework/src/Illuminate/Session/Store.php(124): Illuminate\Session\DatabaseSessionHandler->read('02f2f09b95a8683...')
#14 /opt/lampp/htdocs/kiko.designer.master/vendor/laravel/framework/src/Illuminate/Session/Store.php(108): Illuminate\Session\Store->readFromHandler()
#15 /opt/lampp/htdocs/kiko.designer.master/vendor/laravel/framework/src/Illuminate/Session/Store.php(92): Illuminate\Session\Store->loadSession()
#16 /opt/lampp/htdocs/kiko.designer.master/vendor/laravel/framework/src/Illuminate/Session/Middleware/StartSession.php(104): Illuminate\Session\Store->start()
#17 /opt/lampp/htdocs/kiko.designer.master/vendor/laravel/framework/src/Illuminate/Session/Middleware/StartSession.php(57): Illuminate\Session\Middleware\StartSession->startSession(Object(Illuminate\Http\Request))
#18 [internal function]: Illuminate\Session\Middleware\StartSession->handle(Object(Illuminate\Http\Request), Object(Closure))
#19 /opt/lampp/htdocs/kiko.designer.master/vendor/laravel/framework/src/Illuminate/Pipeline/Pipeline.php(136): call_user_func_array(Array, Array)
#20 [internal function]: Illuminate\Pipeline\Pipeline->Illuminate\Pipeline\{closure}(Object(Illuminate\Http\Request))
#21 /opt/lampp/htdocs/kiko.designer.master/vendor/laravel/framework/src/Illuminate/Routing/Pipeline.php(32): call_user_func(Object(Closure), Object(Illuminate\Http\Request))
#22 /opt/lampp/htdocs/kiko.designer.master/vendor/laravel/framework/src/Illuminate/Cookie/Middleware/AddQueuedCookiesToResponse.php(37): Illuminate\Routing\Pipeline->Illuminate\Routing\{closure}(Object(Illuminate\Http\Request))
#23 [internal function]: Illuminate\Cookie\Middleware\AddQueuedCookiesToResponse->handle(Object(Illuminate\Http\Request), Object(Closure))
#24 /opt/lampp/htdocs/kiko.designer.master/vendor/laravel/framework/src/Illuminate/Pipeline/Pipeline.php(136): call_user_func_array(Array, Array)
#25 [internal function]: Illuminate\Pipeline\Pipeline->Illuminate\Pipeline\{closure}(Object(Illuminate\Http\Request))
#26 /opt/lampp/htdocs/kiko.designer.master/vendor/laravel/framework/src/Illuminate/Routing/Pipeline.php(32): call_user_func(Object(Closure), Object(Illuminate\Http\Request))
#27 /opt/lampp/htdocs/kiko.designer.master/vendor/laravel/framework/src/Illuminate/Cookie/Middleware/EncryptCookies.php(59): Illuminate\Routing\Pipeline->Illuminate\Routing\{closure}(Object(Illuminate\Http\Request))
#28 [internal function]: Illuminate\Cookie\Middleware\EncryptCookies->handle(Object(Illuminate\Http\Request), Object(Closure))
#29 /opt/lampp/htdocs/kiko.designer.master/vendor/laravel/framework/src/Illuminate/Pipeline/Pipeline.php(136): call_user_func_array(Array, Array)
#30 [internal function]: Illuminate\Pipeline\Pipeline->Illuminate\Pipeline\{closure}(Object(Illuminate\Http\Request))
#31 /opt/lampp/htdocs/kiko.designer.master/vendor/laravel/framework/src/Illuminate/Routing/Pipeline.php(32): call_user_func(Object(Closure), Object(Illuminate\Http\Request))
#32 [internal function]: Illuminate\Routing\Pipeline->Illuminate\Routing\{closure}(Object(Illuminate\Http\Request))
#33 /opt/lampp/htdocs/kiko.designer.master/vendor/laravel/framework/src/Illuminate/Pipeline/Pipeline.php(102): call_user_func(Object(Closure), Object(Illuminate\Http\Request))
#34 /opt/lampp/htdocs/kiko.designer.master/vendor/laravel/framework/src/Illuminate/Routing/Router.php(726): Illuminate\Pipeline\Pipeline->then(Object(Closure))
#35 /opt/lampp/htdocs/kiko.designer.master/vendor/laravel/framework/src/Illuminate/Routing/Router.php(699): Illuminate\Routing\Router->runRouteWithinStack(Object(Illuminate\Routing\Route), Object(Illuminate\Http\Request))
#36 /opt/lampp/htdocs/kiko.designer.master/vendor/laravel/framework/src/Illuminate/Routing/Router.php(675): Illuminate\Routing\Router->dispatchToRoute(Object(Illuminate\Http\Request))
#37 /opt/lampp/htdocs/kiko.designer.master/vendor/laravel/framework/src/Illuminate/Foundation/Http/Kernel.php(246): Illuminate\Routing\Router->dispatch(Object(Illuminate\Http\Request))
#38 [internal function]: Illuminate\Foundation\Http\Kernel->Illuminate\Foundation\Http\{closure}(Object(Illuminate\Http\Request))
#39 /opt/lampp/htdocs/kiko.designer.master/vendor/laravel/framework/src/Illuminate/Routing/Pipeline.php(52): call_user_func(Object(Closure), Object(Illuminate\Http\Request))
#40 /opt/lampp/htdocs/kiko.designer.master/app/Http/Middleware/SecureConnection.php(21): Illuminate\Routing\Pipeline->Illuminate\Routing\{closure}(Object(Illuminate\Http\Request))
#41 [internal function]: App\Http\Middleware\SecureConnection->handle(Object(Illuminate\Http\Request), Object(Closure))
#42 /opt/lampp/htdocs/kiko.designer.master/vendor/laravel/framework/src/Illuminate/Pipeline/Pipeline.php(136): call_user_func_array(Array, Array)
#43 [internal function]: Illuminate\Pipeline\Pipeline->Illuminate\Pipeline\{closure}(Object(Illuminate\Http\Request))
#44 /opt/lampp/htdocs/kiko.designer.master/vendor/laravel/framework/src/Illuminate/Routing/Pipeline.php(32): call_user_func(Object(Closure), Object(Illuminate\Http\Request))
#45 [internal function]: Illuminate\Routing\Pipeline->Illuminate\Routing\{closure}(Object(Illuminate\Http\Request))
#46 /opt/lampp/htdocs/kiko.designer.master/vendor/laravel/framework/src/Illuminate/Pipeline/Pipeline.php(102): call_user_func(Object(Closure), Object(Illuminate\Http\Request))
#47 /opt/lampp/htdocs/kiko.designer.master/vendor/laravel/framework/src/Illuminate/Foundation/Http/Kernel.php(132): Illuminate\Pipeline\Pipeline->then(Object(Closure))
#48 /opt/lampp/htdocs/kiko.designer.master/vendor/laravel/framework/src/Illuminate/Foundation/Http/Kernel.php(99): Illuminate\Foundation\Http\Kernel->sendRequestThroughRouter(Object(Illuminate\Http\Request))
#49 /opt/lampp/htdocs/kiko.designer.master/public/index.php(54): Illuminate\Foundation\Http\Kernel->handle(Object(Illuminate\Http\Request))
#50 {main}

Next PDOException: SQLSTATE[HY000] [2002] php_network_getaddresses: getaddrinfo failed: Name or service not known in /opt/lampp/htdocs/kiko.designer.master/vendor/laravel/framework/src/Illuminate/Database/Connectors/Connector.php:55
Stack trace:
#0 /opt/lampp/htdocs/kiko.designer.master/vendor/laravel/framework/src/Illuminate/Database/Connectors/Connector.php(55): PDO->__construct('mysql:host=brig...', 'brightgr_design...', 'uuq3cscAma1CYkJ...', Array)
#1 /opt/lampp/htdocs/kiko.designer.master/vendor/laravel/framework/src/Illuminate/Database/Connectors/MySqlConnector.php(24): Illuminate\Database\Connectors\Connector->createConnection('mysql:host=brig...', Array, Array)
#2 /opt/lampp/htdocs/kiko.designer.master/vendor/laravel/framework/src/Illuminate/Database/Connectors/ConnectionFactory.php(61): Illuminate\Database\Connectors\MySqlConnector->connect(Array)
#3 [internal function]: Illuminate\Database\Connectors\ConnectionFactory->Illuminate\Database\Connectors\{closure}()
#4 /opt/lampp/htdocs/kiko.designer.master/vendor/laravel/framework/src/Illuminate/Database/Connection.php(908): call_user_func(Object(Closure))
#5 /opt/lampp/htdocs/kiko.designer.master/vendor/laravel/framework/src/Illuminate/Database/Connection.php(776): Illuminate\Database\Connection->getPdo()
#6 /opt/lampp/htdocs/kiko.designer.master/vendor/laravel/framework/src/Illuminate/Database/Connection.php(661): Illuminate\Database\Connection->reconnectIfMissingConnection()
#7 /opt/lampp/htdocs/kiko.designer.master/vendor/laravel/framework/src/Illuminate/Database/Connection.php(342): Illuminate\Database\Connection->run('select * from `...', Array, Object(Closure))
#8 /opt/lampp/htdocs/kiko.designer.master/vendor/laravel/framework/src/Illuminate/Database/Query/Builder.php(1583): Illuminate\Database\Connection->select('select * from `...', Array, true)
#9 /opt/lampp/htdocs/kiko.designer.master/vendor/laravel/framework/src/Illuminate/Database/Query/Builder.php(1569): Illuminate\Database\Query\Builder->runSelect()
#10 /opt/lampp/htdocs/kiko.designer.master/vendor/laravel/framework/src/Illuminate/Database/Query/Builder.php(1550): Illuminate\Database\Query\Builder->get(Array)
#11 /opt/lampp/htdocs/kiko.designer.master/vendor/laravel/framework/src/Illuminate/Database/Query/Builder.php(1526): Illuminate\Database\Query\Builder->first(Array)
#12 /opt/lampp/htdocs/kiko.designer.master/vendor/laravel/framework/src/Illuminate/Session/DatabaseSessionHandler.php(76): Illuminate\Database\Query\Builder->find('02f2f09b95a8683...')
#13 /opt/lampp/htdocs/kiko.designer.master/vendor/laravel/framework/src/Illuminate/Session/Store.php(124): Illuminate\Session\DatabaseSessionHandler->read('02f2f09b95a8683...')
#14 /opt/lampp/htdocs/kiko.designer.master/vendor/laravel/framework/src/Illuminate/Session/Store.php(108): Illuminate\Session\Store->readFromHandler()
#15 /opt/lampp/htdocs/kiko.designer.master/vendor/laravel/framework/src/Illuminate/Session/Store.php(92): Illuminate\Session\Store->loadSession()
#16 /opt/lampp/htdocs/kiko.designer.master/vendor/laravel/framework/src/Illuminate/Session/Middleware/StartSession.php(104): Illuminate\Session\Store->start()
#17 /opt/lampp/htdocs/kiko.designer.master/vendor/laravel/framework/src/Illuminate/Session/Middleware/StartSession.php(57): Illuminate\Session\Middleware\StartSession->startSession(Object(Illuminate\Http\Request))
#18 [internal function]: Illuminate\Session\Middleware\StartSession->handle(Object(Illuminate\Http\Request), Object(Closure))
#19 /opt/lampp/htdocs/kiko.designer.master/vendor/laravel/framework/src/Illuminate/Pipeline/Pipeline.php(136): call_user_func_array(Array, Array)
#20 [internal function]: Illuminate\Pipeline\Pipeline->Illuminate\Pipeline\{closure}(Object(Illuminate\Http\Request))
#21 /opt/lampp/htdocs/kiko.designer.master/vendor/laravel/framework/src/Illuminate/Routing/Pipeline.php(32): call_user_func(Object(Closure), Object(Illuminate\Http\Request))
#22 /opt/lampp/htdocs/kiko.designer.master/vendor/laravel/framework/src/Illuminate/Cookie/Middleware/AddQueuedCookiesToResponse.php(37): Illuminate\Routing\Pipeline->Illuminate\Routing\{closure}(Object(Illuminate\Http\Request))
#23 [internal function]: Illuminate\Cookie\Middleware\AddQueuedCookiesToResponse->handle(Object(Illuminate\Http\Request), Object(Closure))
#24 /opt/lampp/htdocs/kiko.designer.master/vendor/laravel/framework/src/Illuminate/Pipeline/Pipeline.php(136): call_user_func_array(Array, Array)
#25 [internal function]: Illuminate\Pipeline\Pipeline->Illuminate\Pipeline\{closure}(Object(Illuminate\Http\Request))
#26 /opt/lampp/htdocs/kiko.designer.master/vendor/laravel/framework/src/Illuminate/Routing/Pipeline.php(32): call_user_func(Object(Closure), Object(Illuminate\Http\Request))
#27 /opt/lampp/htdocs/kiko.designer.master/vendor/laravel/framework/src/Illuminate/Cookie/Middleware/EncryptCookies.php(59): Illuminate\Routing\Pipeline->Illuminate\Routing\{closure}(Object(Illuminate\Http\Request))
#28 [internal function]: Illuminate\Cookie\Middleware\EncryptCookies->handle(Object(Illuminate\Http\Request), Object(Closure))
#29 /opt/lampp/htdocs/kiko.designer.master/vendor/laravel/framework/src/Illuminate/Pipeline/Pipeline.php(136): call_user_func_array(Array, Array)
#30 [internal function]: Illuminate\Pipeline\Pipeline->Illuminate\Pipeline\{closure}(Object(Illuminate\Http\Request))
#31 /opt/lampp/htdocs/kiko.designer.master/vendor/laravel/framework/src/Illuminate/Routing/Pipeline.php(32): call_user_func(Object(Closure), Object(Illuminate\Http\Request))
#32 [internal function]: Illuminate\Routing\Pipeline->Illuminate\Routing\{closure}(Object(Illuminate\Http\Request))
#33 /opt/lampp/htdocs/kiko.designer.master/vendor/laravel/framework/src/Illuminate/Pipeline/Pipeline.php(102): call_user_func(Object(Closure), Object(Illuminate\Http\Request))
#34 /opt/lampp/htdocs/kiko.designer.master/vendor/laravel/framework/src/Illuminate/Routing/Router.php(726): Illuminate\Pipeline\Pipeline->then(Object(Closure))
#35 /opt/lampp/htdocs/kiko.designer.master/vendor/laravel/framework/src/Illuminate/Routing/Router.php(699): Illuminate\Routing\Router->runRouteWithinStack(Object(Illuminate\Routing\Route), Object(Illuminate\Http\Request))
#36 /opt/lampp/htdocs/kiko.designer.master/vendor/laravel/framework/src/Illuminate/Routing/Router.php(675): Illuminate\Routing\Router->dispatchToRoute(Object(Illuminate\Http\Request))
#37 /opt/lampp/htdocs/kiko.designer.master/vendor/laravel/framework/src/Illuminate/Foundation/Http/Kernel.php(246): Illuminate\Routing\Router->dispatch(Object(Illuminate\Http\Request))
#38 [internal function]: Illuminate\Foundation\Http\Kernel->Illuminate\Foundation\Http\{closure}(Object(Illuminate\Http\Request))
#39 /opt/lampp/htdocs/kiko.designer.master/vendor/laravel/framework/src/Illuminate/Routing/Pipeline.php(52): call_user_func(Object(Closure), Object(Illuminate\Http\Request))
#40 /opt/lampp/htdocs/kiko.designer.master/app/Http/Middleware/SecureConnection.php(21): Illuminate\Routing\Pipeline->Illuminate\Routing\{closure}(Object(Illuminate\Http\Request))
#41 [internal function]: App\Http\Middleware\SecureConnection->handle(Object(Illuminate\Http\Request), Object(Closure))
#42 /opt/lampp/htdocs/kiko.designer.master/vendor/laravel/framework/src/Illuminate/Pipeline/Pipeline.php(136): call_user_func_array(Array, Array)
#43 [internal function]: Illuminate\Pipeline\Pipeline->Illuminate\Pipeline\{closure}(Object(Illuminate\Http\Request))
#44 /opt/lampp/htdocs/kiko.designer.master/vendor/laravel/framework/src/Illuminate/Routing/Pipeline.php(32): call_user_func(Object(Closure), Object(Illuminate\Http\Request))
#45 [internal function]: Illuminate\Routing\Pipeline->Illuminate\Routing\{closure}(Object(Illuminate\Http\Request))
#46 /opt/lampp/htdocs/kiko.designer.master/vendor/laravel/framework/src/Illuminate/Pipeline/Pipeline.php(102): call_user_func(Object(Closure), Object(Illuminate\Http\Request))
#47 /opt/lampp/htdocs/kiko.designer.master/vendor/laravel/framework/src/Illuminate/Foundation/Http/Kernel.php(132): Illuminate\Pipeline\Pipeline->then(Object(Closure))
#48 /opt/lampp/htdocs/kiko.designer.master/vendor/laravel/framework/src/Illuminate/Foundation/Http/Kernel.php(99): Illuminate\Foundation\Http\Kernel->sendRequestThroughRouter(Object(Illuminate\Http\Request))
#49 /opt/lampp/htdocs/kiko.designer.master/public/index.php(54): Illuminate\Foundation\Http\Kernel->handle(Object(Illuminate\Http\Request))
#50 {main}  
[2017-04-12 21:37:30] production.ERROR: ErrorException: Missing argument 3 for App\Services\PDFService::addGroup(), called in /opt/lampp/htdocs/kiko.designer.master/app/Services/PDFService.php on line 500 and defined in /opt/lampp/htdocs/kiko.designer.master/app/Services/PDFService.php:1221
Stack trace:
#0 /opt/lampp/htdocs/kiko.designer.master/app/Services/PDFService.php(1221): Illuminate\Foundation\Bootstrap\HandleExceptions->handleError(2, 'Missing argumen...', '/opt/lampp/htdo...', 1221, Array)
#1 /opt/lampp/htdocs/kiko.designer.master/app/Services/PDFService.php(500): App\Services\PDFService->addGroup('Ceiling Height', 10)
#2 /opt/lampp/htdocs/kiko.designer.master/app/Services/PDFService.php(260): App\Services\PDFService->generateSummaryPage(Object(stdClass))
#3 /opt/lampp/htdocs/kiko.designer.master/app/Http/Controllers/LightplanController.php(286): App\Services\PDFService->create('{"id":741,"uid"...', '1491997033312', Array)
#4 [internal function]: App\Http\Controllers\LightplanController->pdf()
#5 /opt/lampp/htdocs/kiko.designer.master/vendor/laravel/framework/src/Illuminate/Routing/Controller.php(80): call_user_func_array(Array, Array)
#6 /opt/lampp/htdocs/kiko.designer.master/vendor/laravel/framework/src/Illuminate/Routing/ControllerDispatcher.php(146): Illuminate\Routing\Controller->callAction('pdf', Array)
#7 /opt/lampp/htdocs/kiko.designer.master/vendor/laravel/framework/src/Illuminate/Routing/ControllerDispatcher.php(94): Illuminate\Routing\ControllerDispatcher->call(Object(App\Http\Controllers\LightplanController), Object(Illuminate\Routing\Route), 'pdf')
#8 [internal function]: Illuminate\Routing\ControllerDispatcher->Illuminate\Routing\{closure}(Object(Illuminate\Http\Request))
#9 /opt/lampp/htdocs/kiko.designer.master/vendor/laravel/framework/src/Illuminate/Routing/Pipeline.php(52): call_user_func(Object(Closure), Object(Illuminate\Http\Request))
#10 /opt/lampp/htdocs/kiko.designer.master/app/Extensions/SSO/Middleware/SSOMiddleware.php(41): Illuminate\Routing\Pipeline->Illuminate\Routing\{closure}(Object(Illuminate\Http\Request))
#11 [internal function]: SSO\Middleware\SSOMiddleware->handle(Object(Illuminate\Http\Request), Object(Closure))
#12 /opt/lampp/htdocs/kiko.designer.master/vendor/laravel/framework/src/Illuminate/Pipeline/Pipeline.php(136): call_user_func_array(Array, Array)
#13 [internal function]: Illuminate\Pipeline\Pipeline->Illuminate\Pipeline\{closure}(Object(Illuminate\Http\Request))
#14 /opt/lampp/htdocs/kiko.designer.master/vendor/laravel/framework/src/Illuminate/Routing/Pipeline.php(32): call_user_func(Object(Closure), Object(Illuminate\Http\Request))
#15 [internal function]: Illuminate\Routing\Pipeline->Illuminate\Routing\{closure}(Object(Illuminate\Http\Request))
#16 /opt/lampp/htdocs/kiko.designer.master/vendor/laravel/framework/src/Illuminate/Pipeline/Pipeline.php(102): call_user_func(Object(Closure), Object(Illuminate\Http\Request))
#17 /opt/lampp/htdocs/kiko.designer.master/vendor/laravel/framework/src/Illuminate/Routing/ControllerDispatcher.php(96): Illuminate\Pipeline\Pipeline->then(Object(Closure))
#18 /opt/lampp/htdocs/kiko.designer.master/vendor/laravel/framework/src/Illuminate/Routing/ControllerDispatcher.php(54): Illuminate\Routing\ControllerDispatcher->callWithinStack(Object(App\Http\Controllers\LightplanController), Object(Illuminate\Routing\Route), Object(Illuminate\Http\Request), 'pdf')
#19 /opt/lampp/htdocs/kiko.designer.master/vendor/laravel/framework/src/Illuminate/Routing/Route.php(174): Illuminate\Routing\ControllerDispatcher->dispatch(Object(Illuminate\Routing\Route), Object(Illuminate\Http\Request), 'App\\Http\\Contro...', 'pdf')
#20 /opt/lampp/htdocs/kiko.designer.master/vendor/laravel/framework/src/Illuminate/Routing/Route.php(140): Illuminate\Routing\Route->runController(Object(Illuminate\Http\Request))
#21 /opt/lampp/htdocs/kiko.designer.master/vendor/laravel/framework/src/Illuminate/Routing/Router.php(724): Illuminate\Routing\Route->run(Object(Illuminate\Http\Request))
#22 [internal function]: Illuminate\Routing\Router->Illuminate\Routing\{closure}(Object(Illuminate\Http\Request))
#23 /opt/lampp/htdocs/kiko.designer.master/vendor/laravel/framework/src/Illuminate/Routing/Pipeline.php(52): call_user_func(Object(Closure), Object(Illuminate\Http\Request))
#24 /opt/lampp/htdocs/kiko.designer.master/vendor/laravel/framework/src/Illuminate/Foundation/Http/Middleware/VerifyCsrfToken.php(64): Illuminate\Routing\Pipeline->Illuminate\Routing\{closure}(Object(Illuminate\Http\Request))
#25 [internal function]: Illuminate\Foundation\Http\Middleware\VerifyCsrfToken->handle(Object(Illuminate\Http\Request), Object(Closure))
#26 /opt/lampp/htdocs/kiko.designer.master/vendor/laravel/framework/src/Illuminate/Pipeline/Pipeline.php(136): call_user_func_array(Array, Array)
#27 [internal function]: Illuminate\Pipeline\Pipeline->Illuminate\Pipeline\{closure}(Object(Illuminate\Http\Request))
#28 /opt/lampp/htdocs/kiko.designer.master/vendor/laravel/framework/src/Illuminate/Routing/Pipeline.php(32): call_user_func(Object(Closure), Object(Illuminate\Http\Request))
#29 /opt/lampp/htdocs/kiko.designer.master/vendor/laravel/framework/src/Illuminate/View/Middleware/ShareErrorsFromSession.php(49): Illuminate\Routing\Pipeline->Illuminate\Routing\{closure}(Object(Illuminate\Http\Request))
#30 [internal function]: Illuminate\View\Middleware\ShareErrorsFromSession->handle(Object(Illuminate\Http\Request), Object(Closure))
#31 /opt/lampp/htdocs/kiko.designer.master/vendor/laravel/framework/src/Illuminate/Pipeline/Pipeline.php(136): call_user_func_array(Array, Array)
#32 [internal function]: Illuminate\Pipeline\Pipeline->Illuminate\Pipeline\{closure}(Object(Illuminate\Http\Request))
#33 /opt/lampp/htdocs/kiko.designer.master/vendor/laravel/framework/src/Illuminate/Routing/Pipeline.php(32): call_user_func(Object(Closure), Object(Illuminate\Http\Request))
#34 /opt/lampp/htdocs/kiko.designer.master/vendor/laravel/framework/src/Illuminate/Session/Middleware/StartSession.php(62): Illuminate\Routing\Pipeline->Illuminate\Routing\{closure}(Object(Illuminate\Http\Request))
#35 [internal function]: Illuminate\Session\Middleware\StartSession->handle(Object(Illuminate\Http\Request), Object(Closure))
#36 /opt/lampp/htdocs/kiko.designer.master/vendor/laravel/framework/src/Illuminate/Pipeline/Pipeline.php(136): call_user_func_array(Array, Array)
#37 [internal function]: Illuminate\Pipeline\Pipeline->Illuminate\Pipeline\{closure}(Object(Illuminate\Http\Request))
#38 /opt/lampp/htdocs/kiko.designer.master/vendor/laravel/framework/src/Illuminate/Routing/Pipeline.php(32): call_user_func(Object(Closure), Object(Illuminate\Http\Request))
#39 /opt/lampp/htdocs/kiko.designer.master/vendor/laravel/framework/src/Illuminate/Cookie/Middleware/AddQueuedCookiesToResponse.php(37): Illuminate\Routing\Pipeline->Illuminate\Routing\{closure}(Object(Illuminate\Http\Request))
#40 [internal function]: Illuminate\Cookie\Middleware\AddQueuedCookiesToResponse->handle(Object(Illuminate\Http\Request), Object(Closure))
#41 /opt/lampp/htdocs/kiko.designer.master/vendor/laravel/framework/src/Illuminate/Pipeline/Pipeline.php(136): call_user_func_array(Array, Array)
#42 [internal function]: Illuminate\Pipeline\Pipeline->Illuminate\Pipeline\{closure}(Object(Illuminate\Http\Request))
#43 /opt/lampp/htdocs/kiko.designer.master/vendor/laravel/framework/src/Illuminate/Routing/Pipeline.php(32): call_user_func(Object(Closure), Object(Illuminate\Http\Request))
#44 /opt/lampp/htdocs/kiko.designer.master/vendor/laravel/framework/src/Illuminate/Cookie/Middleware/EncryptCookies.php(59): Illuminate\Routing\Pipeline->Illuminate\Routing\{closure}(Object(Illuminate\Http\Request))
#45 [internal function]: Illuminate\Cookie\Middleware\EncryptCookies->handle(Object(Illuminate\Http\Request), Object(Closure))
#46 /opt/lampp/htdocs/kiko.designer.master/vendor/laravel/framework/src/Illuminate/Pipeline/Pipeline.php(136): call_user_func_array(Array, Array)
#47 [internal function]: Illuminate\Pipeline\Pipeline->Illuminate\Pipeline\{closure}(Object(Illuminate\Http\Request))
#48 /opt/lampp/htdocs/kiko.designer.master/vendor/laravel/framework/src/Illuminate/Routing/Pipeline.php(32): call_user_func(Object(Closure), Object(Illuminate\Http\Request))
#49 [internal function]: Illuminate\Routing\Pipeline->Illuminate\Routing\{closure}(Object(Illuminate\Http\Request))
#50 /opt/lampp/htdocs/kiko.designer.master/vendor/laravel/framework/src/Illuminate/Pipeline/Pipeline.php(102): call_user_func(Object(Closure), Object(Illuminate\Http\Request))
#51 /opt/lampp/htdocs/kiko.designer.master/vendor/laravel/framework/src/Illuminate/Routing/Router.php(726): Illuminate\Pipeline\Pipeline->then(Object(Closure))
#52 /opt/lampp/htdocs/kiko.designer.master/vendor/laravel/framework/src/Illuminate/Routing/Router.php(699): Illuminate\Routing\Router->runRouteWithinStack(Object(Illuminate\Routing\Route), Object(Illuminate\Http\Request))
#53 /opt/lampp/htdocs/kiko.designer.master/vendor/laravel/framework/src/Illuminate/Routing/Router.php(675): Illuminate\Routing\Router->dispatchToRoute(Object(Illuminate\Http\Request))
#54 /opt/lampp/htdocs/kiko.designer.master/vendor/laravel/framework/src/Illuminate/Foundation/Http/Kernel.php(246): Illuminate\Routing\Router->dispatch(Object(Illuminate\Http\Request))
#55 [internal function]: Illuminate\Foundation\Http\Kernel->Illuminate\Foundation\Http\{closure}(Object(Illuminate\Http\Request))
#56 /opt/lampp/htdocs/kiko.designer.master/vendor/laravel/framework/src/Illuminate/Routing/Pipeline.php(52): call_user_func(Object(Closure), Object(Illuminate\Http\Request))
#57 /opt/lampp/htdocs/kiko.designer.master/app/Http/Middleware/SecureConnection.php(21): Illuminate\Routing\Pipeline->Illuminate\Routing\{closure}(Object(Illuminate\Http\Request))
#58 [internal function]: App\Http\Middleware\SecureConnection->handle(Object(Illuminate\Http\Request), Object(Closure))
#59 /opt/lampp/htdocs/kiko.designer.master/vendor/laravel/framework/src/Illuminate/Pipeline/Pipeline.php(136): call_user_func_array(Array, Array)
#60 [internal function]: Illuminate\Pipeline\Pipeline->Illuminate\Pipeline\{closure}(Object(Illuminate\Http\Request))
#61 /opt/lampp/htdocs/kiko.designer.master/vendor/laravel/framework/src/Illuminate/Routing/Pipeline.php(32): call_user_func(Object(Closure), Object(Illuminate\Http\Request))
#62 [internal function]: Illuminate\Routing\Pipeline->Illuminate\Routing\{closure}(Object(Illuminate\Http\Request))
#63 /opt/lampp/htdocs/kiko.designer.master/vendor/laravel/framework/src/Illuminate/Pipeline/Pipeline.php(102): call_user_func(Object(Closure), Object(Illuminate\Http\Request))
#64 /opt/lampp/htdocs/kiko.designer.master/vendor/laravel/framework/src/Illuminate/Foundation/Http/Kernel.php(132): Illuminate\Pipeline\Pipeline->then(Object(Closure))
#65 /opt/lampp/htdocs/kiko.designer.master/vendor/laravel/framework/src/Illuminate/Foundation/Http/Kernel.php(99): Illuminate\Foundation\Http\Kernel->sendRequestThroughRouter(Object(Illuminate\Http\Request))
#66 /opt/lampp/htdocs/kiko.designer.master/public/index.php(54): Illuminate\Foundation\Http\Kernel->handle(Object(Illuminate\Http\Request))
#67 {main}  
[2017-04-12 21:43:47] production.ERROR: ErrorException: Missing argument 3 for App\Services\PDFService::addGroup(), called in /opt/lampp/htdocs/kiko.designer.master/app/Services/PDFService.php on line 500 and defined in /opt/lampp/htdocs/kiko.designer.master/app/Services/PDFService.php:1221
Stack trace:
#0 /opt/lampp/htdocs/kiko.designer.master/app/Services/PDFService.php(1221): Illuminate\Foundation\Bootstrap\HandleExceptions->handleError(2, 'Missing argumen...', '/opt/lampp/htdo...', 1221, Array)
#1 /opt/lampp/htdocs/kiko.designer.master/app/Services/PDFService.php(500): App\Services\PDFService->addGroup('Ceiling Height', 10)
#2 /opt/lampp/htdocs/kiko.designer.master/app/Services/PDFService.php(260): App\Services\PDFService->generateSummaryPage(Object(stdClass))
#3 /opt/lampp/htdocs/kiko.designer.master/app/Http/Controllers/LightplanController.php(286): App\Services\PDFService->create('{"id":741,"uid"...', '1491997412799', Array)
#4 [internal function]: App\Http\Controllers\LightplanController->pdf()
#5 /opt/lampp/htdocs/kiko.designer.master/vendor/laravel/framework/src/Illuminate/Routing/Controller.php(80): call_user_func_array(Array, Array)
#6 /opt/lampp/htdocs/kiko.designer.master/vendor/laravel/framework/src/Illuminate/Routing/ControllerDispatcher.php(146): Illuminate\Routing\Controller->callAction('pdf', Array)
#7 /opt/lampp/htdocs/kiko.designer.master/vendor/laravel/framework/src/Illuminate/Routing/ControllerDispatcher.php(94): Illuminate\Routing\ControllerDispatcher->call(Object(App\Http\Controllers\LightplanController), Object(Illuminate\Routing\Route), 'pdf')
#8 [internal function]: Illuminate\Routing\ControllerDispatcher->Illuminate\Routing\{closure}(Object(Illuminate\Http\Request))
#9 /opt/lampp/htdocs/kiko.designer.master/vendor/laravel/framework/src/Illuminate/Routing/Pipeline.php(52): call_user_func(Object(Closure), Object(Illuminate\Http\Request))
#10 /opt/lampp/htdocs/kiko.designer.master/app/Extensions/SSO/Middleware/SSOMiddleware.php(41): Illuminate\Routing\Pipeline->Illuminate\Routing\{closure}(Object(Illuminate\Http\Request))
#11 [internal function]: SSO\Middleware\SSOMiddleware->handle(Object(Illuminate\Http\Request), Object(Closure))
#12 /opt/lampp/htdocs/kiko.designer.master/vendor/laravel/framework/src/Illuminate/Pipeline/Pipeline.php(136): call_user_func_array(Array, Array)
#13 [internal function]: Illuminate\Pipeline\Pipeline->Illuminate\Pipeline\{closure}(Object(Illuminate\Http\Request))
#14 /opt/lampp/htdocs/kiko.designer.master/vendor/laravel/framework/src/Illuminate/Routing/Pipeline.php(32): call_user_func(Object(Closure), Object(Illuminate\Http\Request))
#15 [internal function]: Illuminate\Routing\Pipeline->Illuminate\Routing\{closure}(Object(Illuminate\Http\Request))
#16 /opt/lampp/htdocs/kiko.designer.master/vendor/laravel/framework/src/Illuminate/Pipeline/Pipeline.php(102): call_user_func(Object(Closure), Object(Illuminate\Http\Request))
#17 /opt/lampp/htdocs/kiko.designer.master/vendor/laravel/framework/src/Illuminate/Routing/ControllerDispatcher.php(96): Illuminate\Pipeline\Pipeline->then(Object(Closure))
#18 /opt/lampp/htdocs/kiko.designer.master/vendor/laravel/framework/src/Illuminate/Routing/ControllerDispatcher.php(54): Illuminate\Routing\ControllerDispatcher->callWithinStack(Object(App\Http\Controllers\LightplanController), Object(Illuminate\Routing\Route), Object(Illuminate\Http\Request), 'pdf')
#19 /opt/lampp/htdocs/kiko.designer.master/vendor/laravel/framework/src/Illuminate/Routing/Route.php(174): Illuminate\Routing\ControllerDispatcher->dispatch(Object(Illuminate\Routing\Route), Object(Illuminate\Http\Request), 'App\\Http\\Contro...', 'pdf')
#20 /opt/lampp/htdocs/kiko.designer.master/vendor/laravel/framework/src/Illuminate/Routing/Route.php(140): Illuminate\Routing\Route->runController(Object(Illuminate\Http\Request))
#21 /opt/lampp/htdocs/kiko.designer.master/vendor/laravel/framework/src/Illuminate/Routing/Router.php(724): Illuminate\Routing\Route->run(Object(Illuminate\Http\Request))
#22 [internal function]: Illuminate\Routing\Router->Illuminate\Routing\{closure}(Object(Illuminate\Http\Request))
#23 /opt/lampp/htdocs/kiko.designer.master/vendor/laravel/framework/src/Illuminate/Routing/Pipeline.php(52): call_user_func(Object(Closure), Object(Illuminate\Http\Request))
#24 /opt/lampp/htdocs/kiko.designer.master/vendor/laravel/framework/src/Illuminate/Foundation/Http/Middleware/VerifyCsrfToken.php(64): Illuminate\Routing\Pipeline->Illuminate\Routing\{closure}(Object(Illuminate\Http\Request))
#25 [internal function]: Illuminate\Foundation\Http\Middleware\VerifyCsrfToken->handle(Object(Illuminate\Http\Request), Object(Closure))
#26 /opt/lampp/htdocs/kiko.designer.master/vendor/laravel/framework/src/Illuminate/Pipeline/Pipeline.php(136): call_user_func_array(Array, Array)
#27 [internal function]: Illuminate\Pipeline\Pipeline->Illuminate\Pipeline\{closure}(Object(Illuminate\Http\Request))
#28 /opt/lampp/htdocs/kiko.designer.master/vendor/laravel/framework/src/Illuminate/Routing/Pipeline.php(32): call_user_func(Object(Closure), Object(Illuminate\Http\Request))
#29 /opt/lampp/htdocs/kiko.designer.master/vendor/laravel/framework/src/Illuminate/View/Middleware/ShareErrorsFromSession.php(49): Illuminate\Routing\Pipeline->Illuminate\Routing\{closure}(Object(Illuminate\Http\Request))
#30 [internal function]: Illuminate\View\Middleware\ShareErrorsFromSession->handle(Object(Illuminate\Http\Request), Object(Closure))
#31 /opt/lampp/htdocs/kiko.designer.master/vendor/laravel/framework/src/Illuminate/Pipeline/Pipeline.php(136): call_user_func_array(Array, Array)
#32 [internal function]: Illuminate\Pipeline\Pipeline->Illuminate\Pipeline\{closure}(Object(Illuminate\Http\Request))
#33 /opt/lampp/htdocs/kiko.designer.master/vendor/laravel/framework/src/Illuminate/Routing/Pipeline.php(32): call_user_func(Object(Closure), Object(Illuminate\Http\Request))
#34 /opt/lampp/htdocs/kiko.designer.master/vendor/laravel/framework/src/Illuminate/Session/Middleware/StartSession.php(62): Illuminate\Routing\Pipeline->Illuminate\Routing\{closure}(Object(Illuminate\Http\Request))
#35 [internal function]: Illuminate\Session\Middleware\StartSession->handle(Object(Illuminate\Http\Request), Object(Closure))
#36 /opt/lampp/htdocs/kiko.designer.master/vendor/laravel/framework/src/Illuminate/Pipeline/Pipeline.php(136): call_user_func_array(Array, Array)
#37 [internal function]: Illuminate\Pipeline\Pipeline->Illuminate\Pipeline\{closure}(Object(Illuminate\Http\Request))
#38 /opt/lampp/htdocs/kiko.designer.master/vendor/laravel/framework/src/Illuminate/Routing/Pipeline.php(32): call_user_func(Object(Closure), Object(Illuminate\Http\Request))
#39 /opt/lampp/htdocs/kiko.designer.master/vendor/laravel/framework/src/Illuminate/Cookie/Middleware/AddQueuedCookiesToResponse.php(37): Illuminate\Routing\Pipeline->Illuminate\Routing\{closure}(Object(Illuminate\Http\Request))
#40 [internal function]: Illuminate\Cookie\Middleware\AddQueuedCookiesToResponse->handle(Object(Illuminate\Http\Request), Object(Closure))
#41 /opt/lampp/htdocs/kiko.designer.master/vendor/laravel/framework/src/Illuminate/Pipeline/Pipeline.php(136): call_user_func_array(Array, Array)
#42 [internal function]: Illuminate\Pipeline\Pipeline->Illuminate\Pipeline\{closure}(Object(Illuminate\Http\Request))
#43 /opt/lampp/htdocs/kiko.designer.master/vendor/laravel/framework/src/Illuminate/Routing/Pipeline.php(32): call_user_func(Object(Closure), Object(Illuminate\Http\Request))
#44 /opt/lampp/htdocs/kiko.designer.master/vendor/laravel/framework/src/Illuminate/Cookie/Middleware/EncryptCookies.php(59): Illuminate\Routing\Pipeline->Illuminate\Routing\{closure}(Object(Illuminate\Http\Request))
#45 [internal function]: Illuminate\Cookie\Middleware\EncryptCookies->handle(Object(Illuminate\Http\Request), Object(Closure))
#46 /opt/lampp/htdocs/kiko.designer.master/vendor/laravel/framework/src/Illuminate/Pipeline/Pipeline.php(136): call_user_func_array(Array, Array)
#47 [internal function]: Illuminate\Pipeline\Pipeline->Illuminate\Pipeline\{closure}(Object(Illuminate\Http\Request))
#48 /opt/lampp/htdocs/kiko.designer.master/vendor/laravel/framework/src/Illuminate/Routing/Pipeline.php(32): call_user_func(Object(Closure), Object(Illuminate\Http\Request))
#49 [internal function]: Illuminate\Routing\Pipeline->Illuminate\Routing\{closure}(Object(Illuminate\Http\Request))
#50 /opt/lampp/htdocs/kiko.designer.master/vendor/laravel/framework/src/Illuminate/Pipeline/Pipeline.php(102): call_user_func(Object(Closure), Object(Illuminate\Http\Request))
#51 /opt/lampp/htdocs/kiko.designer.master/vendor/laravel/framework/src/Illuminate/Routing/Router.php(726): Illuminate\Pipeline\Pipeline->then(Object(Closure))
#52 /opt/lampp/htdocs/kiko.designer.master/vendor/laravel/framework/src/Illuminate/Routing/Router.php(699): Illuminate\Routing\Router->runRouteWithinStack(Object(Illuminate\Routing\Route), Object(Illuminate\Http\Request))
#53 /opt/lampp/htdocs/kiko.designer.master/vendor/laravel/framework/src/Illuminate/Routing/Router.php(675): Illuminate\Routing\Router->dispatchToRoute(Object(Illuminate\Http\Request))
#54 /opt/lampp/htdocs/kiko.designer.master/vendor/laravel/framework/src/Illuminate/Foundation/Http/Kernel.php(246): Illuminate\Routing\Router->dispatch(Object(Illuminate\Http\Request))
#55 [internal function]: Illuminate\Foundation\Http\Kernel->Illuminate\Foundation\Http\{closure}(Object(Illuminate\Http\Request))
#56 /opt/lampp/htdocs/kiko.designer.master/vendor/laravel/framework/src/Illuminate/Routing/Pipeline.php(52): call_user_func(Object(Closure), Object(Illuminate\Http\Request))
#57 /opt/lampp/htdocs/kiko.designer.master/app/Http/Middleware/SecureConnection.php(21): Illuminate\Routing\Pipeline->Illuminate\Routing\{closure}(Object(Illuminate\Http\Request))
#58 [internal function]: App\Http\Middleware\SecureConnection->handle(Object(Illuminate\Http\Request), Object(Closure))
#59 /opt/lampp/htdocs/kiko.designer.master/vendor/laravel/framework/src/Illuminate/Pipeline/Pipeline.php(136): call_user_func_array(Array, Array)
#60 [internal function]: Illuminate\Pipeline\Pipeline->Illuminate\Pipeline\{closure}(Object(Illuminate\Http\Request))
#61 /opt/lampp/htdocs/kiko.designer.master/vendor/laravel/framework/src/Illuminate/Routing/Pipeline.php(32): call_user_func(Object(Closure), Object(Illuminate\Http\Request))
#62 [internal function]: Illuminate\Routing\Pipeline->Illuminate\Routing\{closure}(Object(Illuminate\Http\Request))
#63 /opt/lampp/htdocs/kiko.designer.master/vendor/laravel/framework/src/Illuminate/Pipeline/Pipeline.php(102): call_user_func(Object(Closure), Object(Illuminate\Http\Request))
#64 /opt/lampp/htdocs/kiko.designer.master/vendor/laravel/framework/src/Illuminate/Foundation/Http/Kernel.php(132): Illuminate\Pipeline\Pipeline->then(Object(Closure))
#65 /opt/lampp/htdocs/kiko.designer.master/vendor/laravel/framework/src/Illuminate/Foundation/Http/Kernel.php(99): Illuminate\Foundation\Http\Kernel->sendRequestThroughRouter(Object(Illuminate\Http\Request))
#66 /opt/lampp/htdocs/kiko.designer.master/public/index.php(54): Illuminate\Foundation\Http\Kernel->handle(Object(Illuminate\Http\Request))
#67 {main}  
