[2017-04-28 21:03:44] production.ERROR: PDOException: SQLSTATE[HY000] [2002] Connection timed out in /opt/lampp/htdocs/kiko.designer.master/vendor/laravel/framework/src/Illuminate/Database/Connectors/Connector.php:55
Stack trace:
#0 /opt/lampp/htdocs/kiko.designer.master/vendor/laravel/framework/src/Illuminate/Database/Connectors/Connector.php(55): PDO->__construct('mysql:host=brig...', 'brightgr_design...', 'uuq3cscAma1CYkJ...', Array)
#1 /opt/lampp/htdocs/kiko.designer.master/vendor/laravel/framework/src/Illuminate/Database/Connectors/MySqlConnector.php(24): Illuminate\Database\Connectors\Connector->createConnection('mysql:host=brig...', Array, Array)
#2 /opt/lampp/htdocs/kiko.designer.master/vendor/laravel/framework/src/Illuminate/Database/Connectors/ConnectionFactory.php(61): Illuminate\Database\Connectors\MySqlConnector->connect(Array)
#3 [internal function]: Illuminate\Database\Connectors\ConnectionFactory->Illuminate\Database\Connectors\{closure}()
#4 /opt/lampp/htdocs/kiko.designer.master/vendor/laravel/framework/src/Illuminate/Database/Connection.php(908): call_user_func(Object(Closure))
#5 /opt/lampp/htdocs/kiko.designer.master/vendor/laravel/framework/src/Illuminate/Database/Connection.php(776): Illuminate\Database\Connection->getPdo()
#6 /opt/lampp/htdocs/kiko.designer.master/vendor/laravel/framework/src/Illuminate/Database/Connection.php(661): Illuminate\Database\Connection->reconnectIfMissingConnection()
#7 /opt/lampp/htdocs/kiko.designer.master/vendor/laravel/framework/src/Illuminate/Database/Connection.php(342): Illuminate\Database\Connection->run('select `is_edit...', Array, Object(Closure))
#8 /opt/lampp/htdocs/kiko.designer.master/vendor/laravel/framework/src/Illuminate/Database/Query/Builder.php(1583): Illuminate\Database\Connection->select('select `is_edit...', Array, true)
#9 /opt/lampp/htdocs/kiko.designer.master/vendor/laravel/framework/src/Illuminate/Database/Query/Builder.php(1569): Illuminate\Database\Query\Builder->runSelect()
#10 /opt/lampp/htdocs/kiko.designer.master/vendor/laravel/framework/src/Illuminate/Database/Query/Builder.php(1813): Illuminate\Database\Query\Builder->get(Array)
#11 /opt/lampp/htdocs/kiko.designer.master/vendor/laravel/framework/src/Illuminate/Database/Eloquent/Builder.php(442): Illuminate\Database\Query\Builder->pluck('is_editable', 'project_id')
#12 /opt/lampp/htdocs/kiko.designer.master/app/Repositories/ProjectAccessRepository.php(35): Illuminate\Database\Eloquent\Builder->pluck('is_editable', 'project_id')
#13 /opt/lampp/htdocs/kiko.designer.master/app/Services/ProjectService.php(45): App\Repositories\ProjectAccessRepository->userProjects(903)
#14 /opt/lampp/htdocs/kiko.designer.master/app/Services/ProjectService.php(50): App\Services\ProjectService->userProjects()
#15 /opt/lampp/htdocs/kiko.designer.master/app/Http/Controllers/ProjectsController.php(28): App\Services\ProjectService->projects()
#16 [internal function]: App\Http\Controllers\ProjectsController->all()
#17 /opt/lampp/htdocs/kiko.designer.master/vendor/laravel/framework/src/Illuminate/Routing/Controller.php(80): call_user_func_array(Array, Array)
#18 /opt/lampp/htdocs/kiko.designer.master/vendor/laravel/framework/src/Illuminate/Routing/ControllerDispatcher.php(146): Illuminate\Routing\Controller->callAction('all', Array)
#19 /opt/lampp/htdocs/kiko.designer.master/vendor/laravel/framework/src/Illuminate/Routing/ControllerDispatcher.php(94): Illuminate\Routing\ControllerDispatcher->call(Object(App\Http\Controllers\ProjectsController), Object(Illuminate\Routing\Route), 'all')
#20 [internal function]: Illuminate\Routing\ControllerDispatcher->Illuminate\Routing\{closure}(Object(Illuminate\Http\Request))
#21 /opt/lampp/htdocs/kiko.designer.master/vendor/laravel/framework/src/Illuminate/Routing/Pipeline.php(52): call_user_func(Object(Closure), Object(Illuminate\Http\Request))
#22 /opt/lampp/htdocs/kiko.designer.master/app/Extensions/SSO/Middleware/SSOMiddleware.php(41): Illuminate\Routing\Pipeline->Illuminate\Routing\{closure}(Object(Illuminate\Http\Request))
#23 [internal function]: SSO\Middleware\SSOMiddleware->handle(Object(Illuminate\Http\Request), Object(Closure))
#24 /opt/lampp/htdocs/kiko.designer.master/vendor/laravel/framework/src/Illuminate/Pipeline/Pipeline.php(136): call_user_func_array(Array, Array)
#25 [internal function]: Illuminate\Pipeline\Pipeline->Illuminate\Pipeline\{closure}(Object(Illuminate\Http\Request))
#26 /opt/lampp/htdocs/kiko.designer.master/vendor/laravel/framework/src/Illuminate/Routing/Pipeline.php(32): call_user_func(Object(Closure), Object(Illuminate\Http\Request))
#27 [internal function]: Illuminate\Routing\Pipeline->Illuminate\Routing\{closure}(Object(Illuminate\Http\Request))
#28 /opt/lampp/htdocs/kiko.designer.master/vendor/laravel/framework/src/Illuminate/Pipeline/Pipeline.php(102): call_user_func(Object(Closure), Object(Illuminate\Http\Request))
#29 /opt/lampp/htdocs/kiko.designer.master/vendor/laravel/framework/src/Illuminate/Routing/ControllerDispatcher.php(96): Illuminate\Pipeline\Pipeline->then(Object(Closure))
#30 /opt/lampp/htdocs/kiko.designer.master/vendor/laravel/framework/src/Illuminate/Routing/ControllerDispatcher.php(54): Illuminate\Routing\ControllerDispatcher->callWithinStack(Object(App\Http\Controllers\ProjectsController), Object(Illuminate\Routing\Route), Object(Illuminate\Http\Request), 'all')
#31 /opt/lampp/htdocs/kiko.designer.master/vendor/laravel/framework/src/Illuminate/Routing/Route.php(174): Illuminate\Routing\ControllerDispatcher->dispatch(Object(Illuminate\Routing\Route), Object(Illuminate\Http\Request), 'App\\Http\\Contro...', 'all')
#32 /opt/lampp/htdocs/kiko.designer.master/vendor/laravel/framework/src/Illuminate/Routing/Route.php(140): Illuminate\Routing\Route->runController(Object(Illuminate\Http\Request))
#33 /opt/lampp/htdocs/kiko.designer.master/vendor/laravel/framework/src/Illuminate/Routing/Router.php(724): Illuminate\Routing\Route->run(Object(Illuminate\Http\Request))
#34 [internal function]: Illuminate\Routing\Router->Illuminate\Routing\{closure}(Object(Illuminate\Http\Request))
#35 /opt/lampp/htdocs/kiko.designer.master/vendor/laravel/framework/src/Illuminate/Routing/Pipeline.php(52): call_user_func(Object(Closure), Object(Illuminate\Http\Request))
#36 /opt/lampp/htdocs/kiko.designer.master/vendor/laravel/framework/src/Illuminate/Foundation/Http/Middleware/VerifyCsrfToken.php(64): Illuminate\Routing\Pipeline->Illuminate\Routing\{closure}(Object(Illuminate\Http\Request))
#37 [internal function]: Illuminate\Foundation\Http\Middleware\VerifyCsrfToken->handle(Object(Illuminate\Http\Request), Object(Closure))
#38 /opt/lampp/htdocs/kiko.designer.master/vendor/laravel/framework/src/Illuminate/Pipeline/Pipeline.php(136): call_user_func_array(Array, Array)
#39 [internal function]: Illuminate\Pipeline\Pipeline->Illuminate\Pipeline\{closure}(Object(Illuminate\Http\Request))
#40 /opt/lampp/htdocs/kiko.designer.master/vendor/laravel/framework/src/Illuminate/Routing/Pipeline.php(32): call_user_func(Object(Closure), Object(Illuminate\Http\Request))
#41 /opt/lampp/htdocs/kiko.designer.master/vendor/laravel/framework/src/Illuminate/View/Middleware/ShareErrorsFromSession.php(49): Illuminate\Routing\Pipeline->Illuminate\Routing\{closure}(Object(Illuminate\Http\Request))
#42 [internal function]: Illuminate\View\Middleware\ShareErrorsFromSession->handle(Object(Illuminate\Http\Request), Object(Closure))
#43 /opt/lampp/htdocs/kiko.designer.master/vendor/laravel/framework/src/Illuminate/Pipeline/Pipeline.php(136): call_user_func_array(Array, Array)
#44 [internal function]: Illuminate\Pipeline\Pipeline->Illuminate\Pipeline\{closure}(Object(Illuminate\Http\Request))
#45 /opt/lampp/htdocs/kiko.designer.master/vendor/laravel/framework/src/Illuminate/Routing/Pipeline.php(32): call_user_func(Object(Closure), Object(Illuminate\Http\Request))
#46 /opt/lampp/htdocs/kiko.designer.master/vendor/laravel/framework/src/Illuminate/Session/Middleware/StartSession.php(62): Illuminate\Routing\Pipeline->Illuminate\Routing\{closure}(Object(Illuminate\Http\Request))
#47 [internal function]: Illuminate\Session\Middleware\StartSession->handle(Object(Illuminate\Http\Request), Object(Closure))
#48 /opt/lampp/htdocs/kiko.designer.master/vendor/laravel/framework/src/Illuminate/Pipeline/Pipeline.php(136): call_user_func_array(Array, Array)
#49 [internal function]: Illuminate\Pipeline\Pipeline->Illuminate\Pipeline\{closure}(Object(Illuminate\Http\Request))
#50 /opt/lampp/htdocs/kiko.designer.master/vendor/laravel/framework/src/Illuminate/Routing/Pipeline.php(32): call_user_func(Object(Closure), Object(Illuminate\Http\Request))
#51 /opt/lampp/htdocs/kiko.designer.master/vendor/laravel/framework/src/Illuminate/Cookie/Middleware/AddQueuedCookiesToResponse.php(37): Illuminate\Routing\Pipeline->Illuminate\Routing\{closure}(Object(Illuminate\Http\Request))
#52 [internal function]: Illuminate\Cookie\Middleware\AddQueuedCookiesToResponse->handle(Object(Illuminate\Http\Request), Object(Closure))
#53 /opt/lampp/htdocs/kiko.designer.master/vendor/laravel/framework/src/Illuminate/Pipeline/Pipeline.php(136): call_user_func_array(Array, Array)
#54 [internal function]: Illuminate\Pipeline\Pipeline->Illuminate\Pipeline\{closure}(Object(Illuminate\Http\Request))
#55 /opt/lampp/htdocs/kiko.designer.master/vendor/laravel/framework/src/Illuminate/Routing/Pipeline.php(32): call_user_func(Object(Closure), Object(Illuminate\Http\Request))
#56 /opt/lampp/htdocs/kiko.designer.master/vendor/laravel/framework/src/Illuminate/Cookie/Middleware/EncryptCookies.php(59): Illuminate\Routing\Pipeline->Illuminate\Routing\{closure}(Object(Illuminate\Http\Request))
#57 [internal function]: Illuminate\Cookie\Middleware\EncryptCookies->handle(Object(Illuminate\Http\Request), Object(Closure))
#58 /opt/lampp/htdocs/kiko.designer.master/vendor/laravel/framework/src/Illuminate/Pipeline/Pipeline.php(136): call_user_func_array(Array, Array)
#59 [internal function]: Illuminate\Pipeline\Pipeline->Illuminate\Pipeline\{closure}(Object(Illuminate\Http\Request))
#60 /opt/lampp/htdocs/kiko.designer.master/vendor/laravel/framework/src/Illuminate/Routing/Pipeline.php(32): call_user_func(Object(Closure), Object(Illuminate\Http\Request))
#61 [internal function]: Illuminate\Routing\Pipeline->Illuminate\Routing\{closure}(Object(Illuminate\Http\Request))
#62 /opt/lampp/htdocs/kiko.designer.master/vendor/laravel/framework/src/Illuminate/Pipeline/Pipeline.php(102): call_user_func(Object(Closure), Object(Illuminate\Http\Request))
#63 /opt/lampp/htdocs/kiko.designer.master/vendor/laravel/framework/src/Illuminate/Routing/Router.php(726): Illuminate\Pipeline\Pipeline->then(Object(Closure))
#64 /opt/lampp/htdocs/kiko.designer.master/vendor/laravel/framework/src/Illuminate/Routing/Router.php(699): Illuminate\Routing\Router->runRouteWithinStack(Object(Illuminate\Routing\Route), Object(Illuminate\Http\Request))
#65 /opt/lampp/htdocs/kiko.designer.master/vendor/laravel/framework/src/Illuminate/Routing/Router.php(675): Illuminate\Routing\Router->dispatchToRoute(Object(Illuminate\Http\Request))
#66 /opt/lampp/htdocs/kiko.designer.master/vendor/laravel/framework/src/Illuminate/Foundation/Http/Kernel.php(246): Illuminate\Routing\Router->dispatch(Object(Illuminate\Http\Request))
#67 [internal function]: Illuminate\Foundation\Http\Kernel->Illuminate\Foundation\Http\{closure}(Object(Illuminate\Http\Request))
#68 /opt/lampp/htdocs/kiko.designer.master/vendor/laravel/framework/src/Illuminate/Routing/Pipeline.php(52): call_user_func(Object(Closure), Object(Illuminate\Http\Request))
#69 /opt/lampp/htdocs/kiko.designer.master/app/Http/Middleware/SecureConnection.php(21): Illuminate\Routing\Pipeline->Illuminate\Routing\{closure}(Object(Illuminate\Http\Request))
#70 [internal function]: App\Http\Middleware\SecureConnection->handle(Object(Illuminate\Http\Request), Object(Closure))
#71 /opt/lampp/htdocs/kiko.designer.master/vendor/laravel/framework/src/Illuminate/Pipeline/Pipeline.php(136): call_user_func_array(Array, Array)
#72 [internal function]: Illuminate\Pipeline\Pipeline->Illuminate\Pipeline\{closure}(Object(Illuminate\Http\Request))
#73 /opt/lampp/htdocs/kiko.designer.master/vendor/laravel/framework/src/Illuminate/Routing/Pipeline.php(32): call_user_func(Object(Closure), Object(Illuminate\Http\Request))
#74 [internal function]: Illuminate\Routing\Pipeline->Illuminate\Routing\{closure}(Object(Illuminate\Http\Request))
#75 /opt/lampp/htdocs/kiko.designer.master/vendor/laravel/framework/src/Illuminate/Pipeline/Pipeline.php(102): call_user_func(Object(Closure), Object(Illuminate\Http\Request))
#76 /opt/lampp/htdocs/kiko.designer.master/vendor/laravel/framework/src/Illuminate/Foundation/Http/Kernel.php(132): Illuminate\Pipeline\Pipeline->then(Object(Closure))
#77 /opt/lampp/htdocs/kiko.designer.master/vendor/laravel/framework/src/Illuminate/Foundation/Http/Kernel.php(99): Illuminate\Foundation\Http\Kernel->sendRequestThroughRouter(Object(Illuminate\Http\Request))
#78 /opt/lampp/htdocs/kiko.designer.master/public/index.php(54): Illuminate\Foundation\Http\Kernel->handle(Object(Illuminate\Http\Request))
#79 {main}  
[2017-04-28 22:46:53] production.ERROR: Symfony\Component\Debug\Exception\FatalThrowableError: Call to a member function isValid() on null in /opt/lampp/htdocs/kiko.designer.master/app/Http/Controllers/LightplanController.php:99
Stack trace:
#0 [internal function]: App\Http\Controllers\LightplanController->upload()
#1 /opt/lampp/htdocs/kiko.designer.master/vendor/laravel/framework/src/Illuminate/Routing/Controller.php(80): call_user_func_array(Array, Array)
#2 /opt/lampp/htdocs/kiko.designer.master/vendor/laravel/framework/src/Illuminate/Routing/ControllerDispatcher.php(146): Illuminate\Routing\Controller->callAction('upload', Array)
#3 /opt/lampp/htdocs/kiko.designer.master/vendor/laravel/framework/src/Illuminate/Routing/ControllerDispatcher.php(94): Illuminate\Routing\ControllerDispatcher->call(Object(App\Http\Controllers\LightplanController), Object(Illuminate\Routing\Route), 'upload')
#4 [internal function]: Illuminate\Routing\ControllerDispatcher->Illuminate\Routing\{closure}(Object(Illuminate\Http\Request))
#5 /opt/lampp/htdocs/kiko.designer.master/vendor/laravel/framework/src/Illuminate/Routing/Pipeline.php(52): call_user_func(Object(Closure), Object(Illuminate\Http\Request))
#6 /opt/lampp/htdocs/kiko.designer.master/app/Extensions/SSO/Middleware/SSOMiddleware.php(41): Illuminate\Routing\Pipeline->Illuminate\Routing\{closure}(Object(Illuminate\Http\Request))
#7 [internal function]: SSO\Middleware\SSOMiddleware->handle(Object(Illuminate\Http\Request), Object(Closure))
#8 /opt/lampp/htdocs/kiko.designer.master/vendor/laravel/framework/src/Illuminate/Pipeline/Pipeline.php(136): call_user_func_array(Array, Array)
#9 [internal function]: Illuminate\Pipeline\Pipeline->Illuminate\Pipeline\{closure}(Object(Illuminate\Http\Request))
#10 /opt/lampp/htdocs/kiko.designer.master/vendor/laravel/framework/src/Illuminate/Routing/Pipeline.php(32): call_user_func(Object(Closure), Object(Illuminate\Http\Request))
#11 [internal function]: Illuminate\Routing\Pipeline->Illuminate\Routing\{closure}(Object(Illuminate\Http\Request))
#12 /opt/lampp/htdocs/kiko.designer.master/vendor/laravel/framework/src/Illuminate/Pipeline/Pipeline.php(102): call_user_func(Object(Closure), Object(Illuminate\Http\Request))
#13 /opt/lampp/htdocs/kiko.designer.master/vendor/laravel/framework/src/Illuminate/Routing/ControllerDispatcher.php(96): Illuminate\Pipeline\Pipeline->then(Object(Closure))
#14 /opt/lampp/htdocs/kiko.designer.master/vendor/laravel/framework/src/Illuminate/Routing/ControllerDispatcher.php(54): Illuminate\Routing\ControllerDispatcher->callWithinStack(Object(App\Http\Controllers\LightplanController), Object(Illuminate\Routing\Route), Object(Illuminate\Http\Request), 'upload')
#15 /opt/lampp/htdocs/kiko.designer.master/vendor/laravel/framework/src/Illuminate/Routing/Route.php(174): Illuminate\Routing\ControllerDispatcher->dispatch(Object(Illuminate\Routing\Route), Object(Illuminate\Http\Request), 'App\\Http\\Contro...', 'upload')
#16 /opt/lampp/htdocs/kiko.designer.master/vendor/laravel/framework/src/Illuminate/Routing/Route.php(140): Illuminate\Routing\Route->runController(Object(Illuminate\Http\Request))
#17 /opt/lampp/htdocs/kiko.designer.master/vendor/laravel/framework/src/Illuminate/Routing/Router.php(724): Illuminate\Routing\Route->run(Object(Illuminate\Http\Request))
#18 [internal function]: Illuminate\Routing\Router->Illuminate\Routing\{closure}(Object(Illuminate\Http\Request))
#19 /opt/lampp/htdocs/kiko.designer.master/vendor/laravel/framework/src/Illuminate/Routing/Pipeline.php(52): call_user_func(Object(Closure), Object(Illuminate\Http\Request))
#20 /opt/lampp/htdocs/kiko.designer.master/vendor/laravel/framework/src/Illuminate/Foundation/Http/Middleware/VerifyCsrfToken.php(64): Illuminate\Routing\Pipeline->Illuminate\Routing\{closure}(Object(Illuminate\Http\Request))
#21 [internal function]: Illuminate\Foundation\Http\Middleware\VerifyCsrfToken->handle(Object(Illuminate\Http\Request), Object(Closure))
#22 /opt/lampp/htdocs/kiko.designer.master/vendor/laravel/framework/src/Illuminate/Pipeline/Pipeline.php(136): call_user_func_array(Array, Array)
#23 [internal function]: Illuminate\Pipeline\Pipeline->Illuminate\Pipeline\{closure}(Object(Illuminate\Http\Request))
#24 /opt/lampp/htdocs/kiko.designer.master/vendor/laravel/framework/src/Illuminate/Routing/Pipeline.php(32): call_user_func(Object(Closure), Object(Illuminate\Http\Request))
#25 /opt/lampp/htdocs/kiko.designer.master/vendor/laravel/framework/src/Illuminate/View/Middleware/ShareErrorsFromSession.php(49): Illuminate\Routing\Pipeline->Illuminate\Routing\{closure}(Object(Illuminate\Http\Request))
#26 [internal function]: Illuminate\View\Middleware\ShareErrorsFromSession->handle(Object(Illuminate\Http\Request), Object(Closure))
#27 /opt/lampp/htdocs/kiko.designer.master/vendor/laravel/framework/src/Illuminate/Pipeline/Pipeline.php(136): call_user_func_array(Array, Array)
#28 [internal function]: Illuminate\Pipeline\Pipeline->Illuminate\Pipeline\{closure}(Object(Illuminate\Http\Request))
#29 /opt/lampp/htdocs/kiko.designer.master/vendor/laravel/framework/src/Illuminate/Routing/Pipeline.php(32): call_user_func(Object(Closure), Object(Illuminate\Http\Request))
#30 /opt/lampp/htdocs/kiko.designer.master/vendor/laravel/framework/src/Illuminate/Session/Middleware/StartSession.php(62): Illuminate\Routing\Pipeline->Illuminate\Routing\{closure}(Object(Illuminate\Http\Request))
#31 [internal function]: Illuminate\Session\Middleware\StartSession->handle(Object(Illuminate\Http\Request), Object(Closure))
#32 /opt/lampp/htdocs/kiko.designer.master/vendor/laravel/framework/src/Illuminate/Pipeline/Pipeline.php(136): call_user_func_array(Array, Array)
#33 [internal function]: Illuminate\Pipeline\Pipeline->Illuminate\Pipeline\{closure}(Object(Illuminate\Http\Request))
#34 /opt/lampp/htdocs/kiko.designer.master/vendor/laravel/framework/src/Illuminate/Routing/Pipeline.php(32): call_user_func(Object(Closure), Object(Illuminate\Http\Request))
#35 /opt/lampp/htdocs/kiko.designer.master/vendor/laravel/framework/src/Illuminate/Cookie/Middleware/AddQueuedCookiesToResponse.php(37): Illuminate\Routing\Pipeline->Illuminate\Routing\{closure}(Object(Illuminate\Http\Request))
#36 [internal function]: Illuminate\Cookie\Middleware\AddQueuedCookiesToResponse->handle(Object(Illuminate\Http\Request), Object(Closure))
#37 /opt/lampp/htdocs/kiko.designer.master/vendor/laravel/framework/src/Illuminate/Pipeline/Pipeline.php(136): call_user_func_array(Array, Array)
#38 [internal function]: Illuminate\Pipeline\Pipeline->Illuminate\Pipeline\{closure}(Object(Illuminate\Http\Request))
#39 /opt/lampp/htdocs/kiko.designer.master/vendor/laravel/framework/src/Illuminate/Routing/Pipeline.php(32): call_user_func(Object(Closure), Object(Illuminate\Http\Request))
#40 /opt/lampp/htdocs/kiko.designer.master/vendor/laravel/framework/src/Illuminate/Cookie/Middleware/EncryptCookies.php(59): Illuminate\Routing\Pipeline->Illuminate\Routing\{closure}(Object(Illuminate\Http\Request))
#41 [internal function]: Illuminate\Cookie\Middleware\EncryptCookies->handle(Object(Illuminate\Http\Request), Object(Closure))
#42 /opt/lampp/htdocs/kiko.designer.master/vendor/laravel/framework/src/Illuminate/Pipeline/Pipeline.php(136): call_user_func_array(Array, Array)
#43 [internal function]: Illuminate\Pipeline\Pipeline->Illuminate\Pipeline\{closure}(Object(Illuminate\Http\Request))
#44 /opt/lampp/htdocs/kiko.designer.master/vendor/laravel/framework/src/Illuminate/Routing/Pipeline.php(32): call_user_func(Object(Closure), Object(Illuminate\Http\Request))
#45 [internal function]: Illuminate\Routing\Pipeline->Illuminate\Routing\{closure}(Object(Illuminate\Http\Request))
#46 /opt/lampp/htdocs/kiko.designer.master/vendor/laravel/framework/src/Illuminate/Pipeline/Pipeline.php(102): call_user_func(Object(Closure), Object(Illuminate\Http\Request))
#47 /opt/lampp/htdocs/kiko.designer.master/vendor/laravel/framework/src/Illuminate/Routing/Router.php(726): Illuminate\Pipeline\Pipeline->then(Object(Closure))
#48 /opt/lampp/htdocs/kiko.designer.master/vendor/laravel/framework/src/Illuminate/Routing/Router.php(699): Illuminate\Routing\Router->runRouteWithinStack(Object(Illuminate\Routing\Route), Object(Illuminate\Http\Request))
#49 /opt/lampp/htdocs/kiko.designer.master/vendor/laravel/framework/src/Illuminate/Routing/Router.php(675): Illuminate\Routing\Router->dispatchToRoute(Object(Illuminate\Http\Request))
#50 /opt/lampp/htdocs/kiko.designer.master/vendor/laravel/framework/src/Illuminate/Foundation/Http/Kernel.php(246): Illuminate\Routing\Router->dispatch(Object(Illuminate\Http\Request))
#51 [internal function]: Illuminate\Foundation\Http\Kernel->Illuminate\Foundation\Http\{closure}(Object(Illuminate\Http\Request))
#52 /opt/lampp/htdocs/kiko.designer.master/vendor/laravel/framework/src/Illuminate/Routing/Pipeline.php(52): call_user_func(Object(Closure), Object(Illuminate\Http\Request))
#53 /opt/lampp/htdocs/kiko.designer.master/app/Http/Middleware/SecureConnection.php(21): Illuminate\Routing\Pipeline->Illuminate\Routing\{closure}(Object(Illuminate\Http\Request))
#54 [internal function]: App\Http\Middleware\SecureConnection->handle(Object(Illuminate\Http\Request), Object(Closure))
#55 /opt/lampp/htdocs/kiko.designer.master/vendor/laravel/framework/src/Illuminate/Pipeline/Pipeline.php(136): call_user_func_array(Array, Array)
#56 [internal function]: Illuminate\Pipeline\Pipeline->Illuminate\Pipeline\{closure}(Object(Illuminate\Http\Request))
#57 /opt/lampp/htdocs/kiko.designer.master/vendor/laravel/framework/src/Illuminate/Routing/Pipeline.php(32): call_user_func(Object(Closure), Object(Illuminate\Http\Request))
#58 [internal function]: Illuminate\Routing\Pipeline->Illuminate\Routing\{closure}(Object(Illuminate\Http\Request))
#59 /opt/lampp/htdocs/kiko.designer.master/vendor/laravel/framework/src/Illuminate/Pipeline/Pipeline.php(102): call_user_func(Object(Closure), Object(Illuminate\Http\Request))
#60 /opt/lampp/htdocs/kiko.designer.master/vendor/laravel/framework/src/Illuminate/Foundation/Http/Kernel.php(132): Illuminate\Pipeline\Pipeline->then(Object(Closure))
#61 /opt/lampp/htdocs/kiko.designer.master/vendor/laravel/framework/src/Illuminate/Foundation/Http/Kernel.php(99): Illuminate\Foundation\Http\Kernel->sendRequestThroughRouter(Object(Illuminate\Http\Request))
#62 /opt/lampp/htdocs/kiko.designer.master/public/index.php(54): Illuminate\Foundation\Http\Kernel->handle(Object(Illuminate\Http\Request))
#63 {main}  
