[2017-06-22 15:17:44] production.ERROR: PDOException: SQLSTATE[HY000] [2002] Connection timed out in /opt/lampp/htdocs/kiko.designer.master/vendor/laravel/framework/src/Illuminate/Database/Connectors/Connector.php:55
Stack trace:
#0 /opt/lampp/htdocs/kiko.designer.master/vendor/laravel/framework/src/Illuminate/Database/Connectors/Connector.php(55): PDO->__construct('mysql:host=brig...', 'brightgr_design...', 'uuq3cscAma1CYkJ...', Array)
#1 /opt/lampp/htdocs/kiko.designer.master/vendor/laravel/framework/src/Illuminate/Database/Connectors/MySqlConnector.php(24): Illuminate\Database\Connectors\Connector->createConnection('mysql:host=brig...', Array, Array)
#2 /opt/lampp/htdocs/kiko.designer.master/vendor/laravel/framework/src/Illuminate/Database/Connectors/ConnectionFactory.php(61): Illuminate\Database\Connectors\MySqlConnector->connect(Array)
#3 [internal function]: Illuminate\Database\Connectors\ConnectionFactory->Illuminate\Database\Connectors\{closure}()
#4 /opt/lampp/htdocs/kiko.designer.master/vendor/laravel/framework/src/Illuminate/Database/Connection.php(908): call_user_func(Object(Closure))
#5 /opt/lampp/htdocs/kiko.designer.master/vendor/laravel/framework/src/Illuminate/Database/Connection.php(776): Illuminate\Database\Connection->getPdo()
#6 /opt/lampp/htdocs/kiko.designer.master/vendor/laravel/framework/src/Illuminate/Database/Connection.php(661): Illuminate\Database\Connection->reconnectIfMissingConnection()
#7 /opt/lampp/htdocs/kiko.designer.master/vendor/laravel/framework/src/Illuminate/Database/Connection.php(342): Illuminate\Database\Connection->run('select * from `...', Array, Object(Closure))
#8 /opt/lampp/htdocs/kiko.designer.master/vendor/laravel/framework/src/Illuminate/Database/Query/Builder.php(1583): Illuminate\Database\Connection->select('select * from `...', Array, true)
#9 /opt/lampp/htdocs/kiko.designer.master/vendor/laravel/framework/src/Illuminate/Database/Query/Builder.php(1569): Illuminate\Database\Query\Builder->runSelect()
#10 /opt/lampp/htdocs/kiko.designer.master/vendor/laravel/framework/src/Illuminate/Database/Query/Builder.php(1550): Illuminate\Database\Query\Builder->get(Array)
#11 /opt/lampp/htdocs/kiko.designer.master/vendor/laravel/framework/src/Illuminate/Database/Query/Builder.php(1526): Illuminate\Database\Query\Builder->first(Array)
#12 /opt/lampp/htdocs/kiko.designer.master/vendor/laravel/framework/src/Illuminate/Session/DatabaseSessionHandler.php(76): Illuminate\Database\Query\Builder->find('334680c482152c0...')
#13 /opt/lampp/htdocs/kiko.designer.master/vendor/laravel/framework/src/Illuminate/Session/Store.php(124): Illuminate\Session\DatabaseSessionHandler->read('334680c482152c0...')
#14 /opt/lampp/htdocs/kiko.designer.master/vendor/laravel/framework/src/Illuminate/Session/Store.php(108): Illuminate\Session\Store->readFromHandler()
#15 /opt/lampp/htdocs/kiko.designer.master/vendor/laravel/framework/src/Illuminate/Session/Store.php(92): Illuminate\Session\Store->loadSession()
#16 /opt/lampp/htdocs/kiko.designer.master/vendor/laravel/framework/src/Illuminate/Session/Middleware/StartSession.php(104): Illuminate\Session\Store->start()
#17 /opt/lampp/htdocs/kiko.designer.master/vendor/laravel/framework/src/Illuminate/Session/Middleware/StartSession.php(57): Illuminate\Session\Middleware\StartSession->startSession(Object(Illuminate\Http\Request))
#18 [internal function]: Illuminate\Session\Middleware\StartSession->handle(Object(Illuminate\Http\Request), Object(Closure))
#19 /opt/lampp/htdocs/kiko.designer.master/vendor/laravel/framework/src/Illuminate/Pipeline/Pipeline.php(136): call_user_func_array(Array, Array)
#20 [internal function]: Illuminate\Pipeline\Pipeline->Illuminate\Pipeline\{closure}(Object(Illuminate\Http\Request))
#21 /opt/lampp/htdocs/kiko.designer.master/vendor/laravel/framework/src/Illuminate/Routing/Pipeline.php(32): call_user_func(Object(Closure), Object(Illuminate\Http\Request))
#22 /opt/lampp/htdocs/kiko.designer.master/vendor/laravel/framework/src/Illuminate/Cookie/Middleware/AddQueuedCookiesToResponse.php(37): Illuminate\Routing\Pipeline->Illuminate\Routing\{closure}(Object(Illuminate\Http\Request))
#23 [internal function]: Illuminate\Cookie\Middleware\AddQueuedCookiesToResponse->handle(Object(Illuminate\Http\Request), Object(Closure))
#24 /opt/lampp/htdocs/kiko.designer.master/vendor/laravel/framework/src/Illuminate/Pipeline/Pipeline.php(136): call_user_func_array(Array, Array)
#25 [internal function]: Illuminate\Pipeline\Pipeline->Illuminate\Pipeline\{closure}(Object(Illuminate\Http\Request))
#26 /opt/lampp/htdocs/kiko.designer.master/vendor/laravel/framework/src/Illuminate/Routing/Pipeline.php(32): call_user_func(Object(Closure), Object(Illuminate\Http\Request))
#27 /opt/lampp/htdocs/kiko.designer.master/vendor/laravel/framework/src/Illuminate/Cookie/Middleware/EncryptCookies.php(59): Illuminate\Routing\Pipeline->Illuminate\Routing\{closure}(Object(Illuminate\Http\Request))
#28 [internal function]: Illuminate\Cookie\Middleware\EncryptCookies->handle(Object(Illuminate\Http\Request), Object(Closure))
#29 /opt/lampp/htdocs/kiko.designer.master/vendor/laravel/framework/src/Illuminate/Pipeline/Pipeline.php(136): call_user_func_array(Array, Array)
#30 [internal function]: Illuminate\Pipeline\Pipeline->Illuminate\Pipeline\{closure}(Object(Illuminate\Http\Request))
#31 /opt/lampp/htdocs/kiko.designer.master/vendor/laravel/framework/src/Illuminate/Routing/Pipeline.php(32): call_user_func(Object(Closure), Object(Illuminate\Http\Request))
#32 [internal function]: Illuminate\Routing\Pipeline->Illuminate\Routing\{closure}(Object(Illuminate\Http\Request))
#33 /opt/lampp/htdocs/kiko.designer.master/vendor/laravel/framework/src/Illuminate/Pipeline/Pipeline.php(102): call_user_func(Object(Closure), Object(Illuminate\Http\Request))
#34 /opt/lampp/htdocs/kiko.designer.master/vendor/laravel/framework/src/Illuminate/Routing/Router.php(726): Illuminate\Pipeline\Pipeline->then(Object(Closure))
#35 /opt/lampp/htdocs/kiko.designer.master/vendor/laravel/framework/src/Illuminate/Routing/Router.php(699): Illuminate\Routing\Router->runRouteWithinStack(Object(Illuminate\Routing\Route), Object(Illuminate\Http\Request))
#36 /opt/lampp/htdocs/kiko.designer.master/vendor/laravel/framework/src/Illuminate/Routing/Router.php(675): Illuminate\Routing\Router->dispatchToRoute(Object(Illuminate\Http\Request))
#37 /opt/lampp/htdocs/kiko.designer.master/vendor/laravel/framework/src/Illuminate/Foundation/Http/Kernel.php(246): Illuminate\Routing\Router->dispatch(Object(Illuminate\Http\Request))
#38 [internal function]: Illuminate\Foundation\Http\Kernel->Illuminate\Foundation\Http\{closure}(Object(Illuminate\Http\Request))
#39 /opt/lampp/htdocs/kiko.designer.master/vendor/laravel/framework/src/Illuminate/Routing/Pipeline.php(52): call_user_func(Object(Closure), Object(Illuminate\Http\Request))
#40 /opt/lampp/htdocs/kiko.designer.master/app/Http/Middleware/SecureConnection.php(21): Illuminate\Routing\Pipeline->Illuminate\Routing\{closure}(Object(Illuminate\Http\Request))
#41 [internal function]: App\Http\Middleware\SecureConnection->handle(Object(Illuminate\Http\Request), Object(Closure))
#42 /opt/lampp/htdocs/kiko.designer.master/vendor/laravel/framework/src/Illuminate/Pipeline/Pipeline.php(136): call_user_func_array(Array, Array)
#43 [internal function]: Illuminate\Pipeline\Pipeline->Illuminate\Pipeline\{closure}(Object(Illuminate\Http\Request))
#44 /opt/lampp/htdocs/kiko.designer.master/vendor/laravel/framework/src/Illuminate/Routing/Pipeline.php(32): call_user_func(Object(Closure), Object(Illuminate\Http\Request))
#45 [internal function]: Illuminate\Routing\Pipeline->Illuminate\Routing\{closure}(Object(Illuminate\Http\Request))
#46 /opt/lampp/htdocs/kiko.designer.master/vendor/laravel/framework/src/Illuminate/Pipeline/Pipeline.php(102): call_user_func(Object(Closure), Object(Illuminate\Http\Request))
#47 /opt/lampp/htdocs/kiko.designer.master/vendor/laravel/framework/src/Illuminate/Foundation/Http/Kernel.php(132): Illuminate\Pipeline\Pipeline->then(Object(Closure))
#48 /opt/lampp/htdocs/kiko.designer.master/vendor/laravel/framework/src/Illuminate/Foundation/Http/Kernel.php(99): Illuminate\Foundation\Http\Kernel->sendRequestThroughRouter(Object(Illuminate\Http\Request))
#49 /opt/lampp/htdocs/kiko.designer.master/public/index.php(54): Illuminate\Foundation\Http\Kernel->handle(Object(Illuminate\Http\Request))
#50 {main}  
[2017-06-22 15:18:14] production.ERROR: PDOException: SQLSTATE[HY000] [2002] Connection timed out in /opt/lampp/htdocs/kiko.designer.master/vendor/laravel/framework/src/Illuminate/Database/Connectors/Connector.php:55
Stack trace:
#0 /opt/lampp/htdocs/kiko.designer.master/vendor/laravel/framework/src/Illuminate/Database/Connectors/Connector.php(55): PDO->__construct('mysql:host=brig...', 'brightgr_design...', 'uuq3cscAma1CYkJ...', Array)
#1 /opt/lampp/htdocs/kiko.designer.master/vendor/laravel/framework/src/Illuminate/Database/Connectors/MySqlConnector.php(24): Illuminate\Database\Connectors\Connector->createConnection('mysql:host=brig...', Array, Array)
#2 /opt/lampp/htdocs/kiko.designer.master/vendor/laravel/framework/src/Illuminate/Database/Connectors/ConnectionFactory.php(61): Illuminate\Database\Connectors\MySqlConnector->connect(Array)
#3 [internal function]: Illuminate\Database\Connectors\ConnectionFactory->Illuminate\Database\Connectors\{closure}()
#4 /opt/lampp/htdocs/kiko.designer.master/vendor/laravel/framework/src/Illuminate/Database/Connection.php(908): call_user_func(Object(Closure))
#5 /opt/lampp/htdocs/kiko.designer.master/vendor/laravel/framework/src/Illuminate/Database/Connection.php(776): Illuminate\Database\Connection->getPdo()
#6 /opt/lampp/htdocs/kiko.designer.master/vendor/laravel/framework/src/Illuminate/Database/Connection.php(661): Illuminate\Database\Connection->reconnectIfMissingConnection()
#7 /opt/lampp/htdocs/kiko.designer.master/vendor/laravel/framework/src/Illuminate/Database/Connection.php(342): Illuminate\Database\Connection->run('select * from `...', Array, Object(Closure))
#8 /opt/lampp/htdocs/kiko.designer.master/vendor/laravel/framework/src/Illuminate/Database/Query/Builder.php(1583): Illuminate\Database\Connection->select('select * from `...', Array, true)
#9 /opt/lampp/htdocs/kiko.designer.master/vendor/laravel/framework/src/Illuminate/Database/Query/Builder.php(1569): Illuminate\Database\Query\Builder->runSelect()
#10 /opt/lampp/htdocs/kiko.designer.master/vendor/laravel/framework/src/Illuminate/Database/Query/Builder.php(1550): Illuminate\Database\Query\Builder->get(Array)
#11 /opt/lampp/htdocs/kiko.designer.master/vendor/laravel/framework/src/Illuminate/Database/Query/Builder.php(1526): Illuminate\Database\Query\Builder->first(Array)
#12 /opt/lampp/htdocs/kiko.designer.master/vendor/laravel/framework/src/Illuminate/Session/DatabaseSessionHandler.php(76): Illuminate\Database\Query\Builder->find('334680c482152c0...')
#13 /opt/lampp/htdocs/kiko.designer.master/vendor/laravel/framework/src/Illuminate/Session/DatabaseSessionHandler.php(93): Illuminate\Session\DatabaseSessionHandler->read('334680c482152c0...')
#14 /opt/lampp/htdocs/kiko.designer.master/vendor/laravel/framework/src/Illuminate/Session/Store.php(262): Illuminate\Session\DatabaseSessionHandler->write('334680c482152c0...', 'a:1:{s:5:"flash...')
#15 /opt/lampp/htdocs/kiko.designer.master/vendor/laravel/framework/src/Illuminate/Session/Middleware/StartSession.php(88): Illuminate\Session\Store->save()
#16 /opt/lampp/htdocs/kiko.designer.master/vendor/laravel/framework/src/Illuminate/Foundation/Http/Kernel.php(155): Illuminate\Session\Middleware\StartSession->terminate(Object(Illuminate\Http\Request), Object(Illuminate\Http\Response))
#17 /opt/lampp/htdocs/kiko.designer.master/public/index.php(59): Illuminate\Foundation\Http\Kernel->terminate(Object(Illuminate\Http\Request), Object(Illuminate\Http\Response))
#18 {main}  
[2017-06-22 15:20:32] production.ERROR: PDOException: PDO::__construct(): php_network_getaddresses: getaddrinfo failed: Name or service not known in /opt/lampp/htdocs/kiko.designer.master/vendor/laravel/framework/src/Illuminate/Database/Connectors/Connector.php:55
Stack trace:
#0 /opt/lampp/htdocs/kiko.designer.master/vendor/laravel/framework/src/Illuminate/Database/Connectors/Connector.php(55): PDO->__construct('mysql:host=brig...', 'brightgr_design...', 'uuq3cscAma1CYkJ...', Array)
#1 /opt/lampp/htdocs/kiko.designer.master/vendor/laravel/framework/src/Illuminate/Database/Connectors/MySqlConnector.php(24): Illuminate\Database\Connectors\Connector->createConnection('mysql:host=brig...', Array, Array)
#2 /opt/lampp/htdocs/kiko.designer.master/vendor/laravel/framework/src/Illuminate/Database/Connectors/ConnectionFactory.php(61): Illuminate\Database\Connectors\MySqlConnector->connect(Array)
#3 [internal function]: Illuminate\Database\Connectors\ConnectionFactory->Illuminate\Database\Connectors\{closure}()
#4 /opt/lampp/htdocs/kiko.designer.master/vendor/laravel/framework/src/Illuminate/Database/Connection.php(908): call_user_func(Object(Closure))
#5 /opt/lampp/htdocs/kiko.designer.master/vendor/laravel/framework/src/Illuminate/Database/Connection.php(776): Illuminate\Database\Connection->getPdo()
#6 /opt/lampp/htdocs/kiko.designer.master/vendor/laravel/framework/src/Illuminate/Database/Connection.php(661): Illuminate\Database\Connection->reconnectIfMissingConnection()
#7 /opt/lampp/htdocs/kiko.designer.master/vendor/laravel/framework/src/Illuminate/Database/Connection.php(342): Illuminate\Database\Connection->run('select * from `...', Array, Object(Closure))
#8 /opt/lampp/htdocs/kiko.designer.master/vendor/laravel/framework/src/Illuminate/Database/Query/Builder.php(1583): Illuminate\Database\Connection->select('select * from `...', Array, true)
#9 /opt/lampp/htdocs/kiko.designer.master/vendor/laravel/framework/src/Illuminate/Database/Query/Builder.php(1569): Illuminate\Database\Query\Builder->runSelect()
#10 /opt/lampp/htdocs/kiko.designer.master/vendor/laravel/framework/src/Illuminate/Database/Query/Builder.php(1550): Illuminate\Database\Query\Builder->get(Array)
#11 /opt/lampp/htdocs/kiko.designer.master/vendor/laravel/framework/src/Illuminate/Database/Query/Builder.php(1526): Illuminate\Database\Query\Builder->first(Array)
#12 /opt/lampp/htdocs/kiko.designer.master/vendor/laravel/framework/src/Illuminate/Session/DatabaseSessionHandler.php(76): Illuminate\Database\Query\Builder->find('611d2ad2017e7e1...')
#13 /opt/lampp/htdocs/kiko.designer.master/vendor/laravel/framework/src/Illuminate/Session/Store.php(124): Illuminate\Session\DatabaseSessionHandler->read('611d2ad2017e7e1...')
#14 /opt/lampp/htdocs/kiko.designer.master/vendor/laravel/framework/src/Illuminate/Session/Store.php(108): Illuminate\Session\Store->readFromHandler()
#15 /opt/lampp/htdocs/kiko.designer.master/vendor/laravel/framework/src/Illuminate/Session/Store.php(92): Illuminate\Session\Store->loadSession()
#16 /opt/lampp/htdocs/kiko.designer.master/vendor/laravel/framework/src/Illuminate/Session/Middleware/StartSession.php(104): Illuminate\Session\Store->start()
#17 /opt/lampp/htdocs/kiko.designer.master/vendor/laravel/framework/src/Illuminate/Session/Middleware/StartSession.php(57): Illuminate\Session\Middleware\StartSession->startSession(Object(Illuminate\Http\Request))
#18 [internal function]: Illuminate\Session\Middleware\StartSession->handle(Object(Illuminate\Http\Request), Object(Closure))
#19 /opt/lampp/htdocs/kiko.designer.master/vendor/laravel/framework/src/Illuminate/Pipeline/Pipeline.php(136): call_user_func_array(Array, Array)
#20 [internal function]: Illuminate\Pipeline\Pipeline->Illuminate\Pipeline\{closure}(Object(Illuminate\Http\Request))
#21 /opt/lampp/htdocs/kiko.designer.master/vendor/laravel/framework/src/Illuminate/Routing/Pipeline.php(32): call_user_func(Object(Closure), Object(Illuminate\Http\Request))
#22 /opt/lampp/htdocs/kiko.designer.master/vendor/laravel/framework/src/Illuminate/Cookie/Middleware/AddQueuedCookiesToResponse.php(37): Illuminate\Routing\Pipeline->Illuminate\Routing\{closure}(Object(Illuminate\Http\Request))
#23 [internal function]: Illuminate\Cookie\Middleware\AddQueuedCookiesToResponse->handle(Object(Illuminate\Http\Request), Object(Closure))
#24 /opt/lampp/htdocs/kiko.designer.master/vendor/laravel/framework/src/Illuminate/Pipeline/Pipeline.php(136): call_user_func_array(Array, Array)
#25 [internal function]: Illuminate\Pipeline\Pipeline->Illuminate\Pipeline\{closure}(Object(Illuminate\Http\Request))
#26 /opt/lampp/htdocs/kiko.designer.master/vendor/laravel/framework/src/Illuminate/Routing/Pipeline.php(32): call_user_func(Object(Closure), Object(Illuminate\Http\Request))
#27 /opt/lampp/htdocs/kiko.designer.master/vendor/laravel/framework/src/Illuminate/Cookie/Middleware/EncryptCookies.php(59): Illuminate\Routing\Pipeline->Illuminate\Routing\{closure}(Object(Illuminate\Http\Request))
#28 [internal function]: Illuminate\Cookie\Middleware\EncryptCookies->handle(Object(Illuminate\Http\Request), Object(Closure))
#29 /opt/lampp/htdocs/kiko.designer.master/vendor/laravel/framework/src/Illuminate/Pipeline/Pipeline.php(136): call_user_func_array(Array, Array)
#30 [internal function]: Illuminate\Pipeline\Pipeline->Illuminate\Pipeline\{closure}(Object(Illuminate\Http\Request))
#31 /opt/lampp/htdocs/kiko.designer.master/vendor/laravel/framework/src/Illuminate/Routing/Pipeline.php(32): call_user_func(Object(Closure), Object(Illuminate\Http\Request))
#32 [internal function]: Illuminate\Routing\Pipeline->Illuminate\Routing\{closure}(Object(Illuminate\Http\Request))
#33 /opt/lampp/htdocs/kiko.designer.master/vendor/laravel/framework/src/Illuminate/Pipeline/Pipeline.php(102): call_user_func(Object(Closure), Object(Illuminate\Http\Request))
#34 /opt/lampp/htdocs/kiko.designer.master/vendor/laravel/framework/src/Illuminate/Routing/Router.php(726): Illuminate\Pipeline\Pipeline->then(Object(Closure))
#35 /opt/lampp/htdocs/kiko.designer.master/vendor/laravel/framework/src/Illuminate/Routing/Router.php(699): Illuminate\Routing\Router->runRouteWithinStack(Object(Illuminate\Routing\Route), Object(Illuminate\Http\Request))
#36 /opt/lampp/htdocs/kiko.designer.master/vendor/laravel/framework/src/Illuminate/Routing/Router.php(675): Illuminate\Routing\Router->dispatchToRoute(Object(Illuminate\Http\Request))
#37 /opt/lampp/htdocs/kiko.designer.master/vendor/laravel/framework/src/Illuminate/Foundation/Http/Kernel.php(246): Illuminate\Routing\Router->dispatch(Object(Illuminate\Http\Request))
#38 [internal function]: Illuminate\Foundation\Http\Kernel->Illuminate\Foundation\Http\{closure}(Object(Illuminate\Http\Request))
#39 /opt/lampp/htdocs/kiko.designer.master/vendor/laravel/framework/src/Illuminate/Routing/Pipeline.php(52): call_user_func(Object(Closure), Object(Illuminate\Http\Request))
#40 /opt/lampp/htdocs/kiko.designer.master/app/Http/Middleware/SecureConnection.php(21): Illuminate\Routing\Pipeline->Illuminate\Routing\{closure}(Object(Illuminate\Http\Request))
#41 [internal function]: App\Http\Middleware\SecureConnection->handle(Object(Illuminate\Http\Request), Object(Closure))
#42 /opt/lampp/htdocs/kiko.designer.master/vendor/laravel/framework/src/Illuminate/Pipeline/Pipeline.php(136): call_user_func_array(Array, Array)
#43 [internal function]: Illuminate\Pipeline\Pipeline->Illuminate\Pipeline\{closure}(Object(Illuminate\Http\Request))
#44 /opt/lampp/htdocs/kiko.designer.master/vendor/laravel/framework/src/Illuminate/Routing/Pipeline.php(32): call_user_func(Object(Closure), Object(Illuminate\Http\Request))
#45 [internal function]: Illuminate\Routing\Pipeline->Illuminate\Routing\{closure}(Object(Illuminate\Http\Request))
#46 /opt/lampp/htdocs/kiko.designer.master/vendor/laravel/framework/src/Illuminate/Pipeline/Pipeline.php(102): call_user_func(Object(Closure), Object(Illuminate\Http\Request))
#47 /opt/lampp/htdocs/kiko.designer.master/vendor/laravel/framework/src/Illuminate/Foundation/Http/Kernel.php(132): Illuminate\Pipeline\Pipeline->then(Object(Closure))
#48 /opt/lampp/htdocs/kiko.designer.master/vendor/laravel/framework/src/Illuminate/Foundation/Http/Kernel.php(99): Illuminate\Foundation\Http\Kernel->sendRequestThroughRouter(Object(Illuminate\Http\Request))
#49 /opt/lampp/htdocs/kiko.designer.master/public/index.php(54): Illuminate\Foundation\Http\Kernel->handle(Object(Illuminate\Http\Request))
#50 {main}

Next PDOException: SQLSTATE[HY000] [2002] php_network_getaddresses: getaddrinfo failed: Name or service not known in /opt/lampp/htdocs/kiko.designer.master/vendor/laravel/framework/src/Illuminate/Database/Connectors/Connector.php:55
Stack trace:
#0 /opt/lampp/htdocs/kiko.designer.master/vendor/laravel/framework/src/Illuminate/Database/Connectors/Connector.php(55): PDO->__construct('mysql:host=brig...', 'brightgr_design...', 'uuq3cscAma1CYkJ...', Array)
#1 /opt/lampp/htdocs/kiko.designer.master/vendor/laravel/framework/src/Illuminate/Database/Connectors/MySqlConnector.php(24): Illuminate\Database\Connectors\Connector->createConnection('mysql:host=brig...', Array, Array)
#2 /opt/lampp/htdocs/kiko.designer.master/vendor/laravel/framework/src/Illuminate/Database/Connectors/ConnectionFactory.php(61): Illuminate\Database\Connectors\MySqlConnector->connect(Array)
#3 [internal function]: Illuminate\Database\Connectors\ConnectionFactory->Illuminate\Database\Connectors\{closure}()
#4 /opt/lampp/htdocs/kiko.designer.master/vendor/laravel/framework/src/Illuminate/Database/Connection.php(908): call_user_func(Object(Closure))
#5 /opt/lampp/htdocs/kiko.designer.master/vendor/laravel/framework/src/Illuminate/Database/Connection.php(776): Illuminate\Database\Connection->getPdo()
#6 /opt/lampp/htdocs/kiko.designer.master/vendor/laravel/framework/src/Illuminate/Database/Connection.php(661): Illuminate\Database\Connection->reconnectIfMissingConnection()
#7 /opt/lampp/htdocs/kiko.designer.master/vendor/laravel/framework/src/Illuminate/Database/Connection.php(342): Illuminate\Database\Connection->run('select * from `...', Array, Object(Closure))
#8 /opt/lampp/htdocs/kiko.designer.master/vendor/laravel/framework/src/Illuminate/Database/Query/Builder.php(1583): Illuminate\Database\Connection->select('select * from `...', Array, true)
#9 /opt/lampp/htdocs/kiko.designer.master/vendor/laravel/framework/src/Illuminate/Database/Query/Builder.php(1569): Illuminate\Database\Query\Builder->runSelect()
#10 /opt/lampp/htdocs/kiko.designer.master/vendor/laravel/framework/src/Illuminate/Database/Query/Builder.php(1550): Illuminate\Database\Query\Builder->get(Array)
#11 /opt/lampp/htdocs/kiko.designer.master/vendor/laravel/framework/src/Illuminate/Database/Query/Builder.php(1526): Illuminate\Database\Query\Builder->first(Array)
#12 /opt/lampp/htdocs/kiko.designer.master/vendor/laravel/framework/src/Illuminate/Session/DatabaseSessionHandler.php(76): Illuminate\Database\Query\Builder->find('611d2ad2017e7e1...')
#13 /opt/lampp/htdocs/kiko.designer.master/vendor/laravel/framework/src/Illuminate/Session/Store.php(124): Illuminate\Session\DatabaseSessionHandler->read('611d2ad2017e7e1...')
#14 /opt/lampp/htdocs/kiko.designer.master/vendor/laravel/framework/src/Illuminate/Session/Store.php(108): Illuminate\Session\Store->readFromHandler()
#15 /opt/lampp/htdocs/kiko.designer.master/vendor/laravel/framework/src/Illuminate/Session/Store.php(92): Illuminate\Session\Store->loadSession()
#16 /opt/lampp/htdocs/kiko.designer.master/vendor/laravel/framework/src/Illuminate/Session/Middleware/StartSession.php(104): Illuminate\Session\Store->start()
#17 /opt/lampp/htdocs/kiko.designer.master/vendor/laravel/framework/src/Illuminate/Session/Middleware/StartSession.php(57): Illuminate\Session\Middleware\StartSession->startSession(Object(Illuminate\Http\Request))
#18 [internal function]: Illuminate\Session\Middleware\StartSession->handle(Object(Illuminate\Http\Request), Object(Closure))
#19 /opt/lampp/htdocs/kiko.designer.master/vendor/laravel/framework/src/Illuminate/Pipeline/Pipeline.php(136): call_user_func_array(Array, Array)
#20 [internal function]: Illuminate\Pipeline\Pipeline->Illuminate\Pipeline\{closure}(Object(Illuminate\Http\Request))
#21 /opt/lampp/htdocs/kiko.designer.master/vendor/laravel/framework/src/Illuminate/Routing/Pipeline.php(32): call_user_func(Object(Closure), Object(Illuminate\Http\Request))
#22 /opt/lampp/htdocs/kiko.designer.master/vendor/laravel/framework/src/Illuminate/Cookie/Middleware/AddQueuedCookiesToResponse.php(37): Illuminate\Routing\Pipeline->Illuminate\Routing\{closure}(Object(Illuminate\Http\Request))
#23 [internal function]: Illuminate\Cookie\Middleware\AddQueuedCookiesToResponse->handle(Object(Illuminate\Http\Request), Object(Closure))
#24 /opt/lampp/htdocs/kiko.designer.master/vendor/laravel/framework/src/Illuminate/Pipeline/Pipeline.php(136): call_user_func_array(Array, Array)
#25 [internal function]: Illuminate\Pipeline\Pipeline->Illuminate\Pipeline\{closure}(Object(Illuminate\Http\Request))
#26 /opt/lampp/htdocs/kiko.designer.master/vendor/laravel/framework/src/Illuminate/Routing/Pipeline.php(32): call_user_func(Object(Closure), Object(Illuminate\Http\Request))
#27 /opt/lampp/htdocs/kiko.designer.master/vendor/laravel/framework/src/Illuminate/Cookie/Middleware/EncryptCookies.php(59): Illuminate\Routing\Pipeline->Illuminate\Routing\{closure}(Object(Illuminate\Http\Request))
#28 [internal function]: Illuminate\Cookie\Middleware\EncryptCookies->handle(Object(Illuminate\Http\Request), Object(Closure))
#29 /opt/lampp/htdocs/kiko.designer.master/vendor/laravel/framework/src/Illuminate/Pipeline/Pipeline.php(136): call_user_func_array(Array, Array)
#30 [internal function]: Illuminate\Pipeline\Pipeline->Illuminate\Pipeline\{closure}(Object(Illuminate\Http\Request))
#31 /opt/lampp/htdocs/kiko.designer.master/vendor/laravel/framework/src/Illuminate/Routing/Pipeline.php(32): call_user_func(Object(Closure), Object(Illuminate\Http\Request))
#32 [internal function]: Illuminate\Routing\Pipeline->Illuminate\Routing\{closure}(Object(Illuminate\Http\Request))
#33 /opt/lampp/htdocs/kiko.designer.master/vendor/laravel/framework/src/Illuminate/Pipeline/Pipeline.php(102): call_user_func(Object(Closure), Object(Illuminate\Http\Request))
#34 /opt/lampp/htdocs/kiko.designer.master/vendor/laravel/framework/src/Illuminate/Routing/Router.php(726): Illuminate\Pipeline\Pipeline->then(Object(Closure))
#35 /opt/lampp/htdocs/kiko.designer.master/vendor/laravel/framework/src/Illuminate/Routing/Router.php(699): Illuminate\Routing\Router->runRouteWithinStack(Object(Illuminate\Routing\Route), Object(Illuminate\Http\Request))
#36 /opt/lampp/htdocs/kiko.designer.master/vendor/laravel/framework/src/Illuminate/Routing/Router.php(675): Illuminate\Routing\Router->dispatchToRoute(Object(Illuminate\Http\Request))
#37 /opt/lampp/htdocs/kiko.designer.master/vendor/laravel/framework/src/Illuminate/Foundation/Http/Kernel.php(246): Illuminate\Routing\Router->dispatch(Object(Illuminate\Http\Request))
#38 [internal function]: Illuminate\Foundation\Http\Kernel->Illuminate\Foundation\Http\{closure}(Object(Illuminate\Http\Request))
#39 /opt/lampp/htdocs/kiko.designer.master/vendor/laravel/framework/src/Illuminate/Routing/Pipeline.php(52): call_user_func(Object(Closure), Object(Illuminate\Http\Request))
#40 /opt/lampp/htdocs/kiko.designer.master/app/Http/Middleware/SecureConnection.php(21): Illuminate\Routing\Pipeline->Illuminate\Routing\{closure}(Object(Illuminate\Http\Request))
#41 [internal function]: App\Http\Middleware\SecureConnection->handle(Object(Illuminate\Http\Request), Object(Closure))
#42 /opt/lampp/htdocs/kiko.designer.master/vendor/laravel/framework/src/Illuminate/Pipeline/Pipeline.php(136): call_user_func_array(Array, Array)
#43 [internal function]: Illuminate\Pipeline\Pipeline->Illuminate\Pipeline\{closure}(Object(Illuminate\Http\Request))
#44 /opt/lampp/htdocs/kiko.designer.master/vendor/laravel/framework/src/Illuminate/Routing/Pipeline.php(32): call_user_func(Object(Closure), Object(Illuminate\Http\Request))
#45 [internal function]: Illuminate\Routing\Pipeline->Illuminate\Routing\{closure}(Object(Illuminate\Http\Request))
#46 /opt/lampp/htdocs/kiko.designer.master/vendor/laravel/framework/src/Illuminate/Pipeline/Pipeline.php(102): call_user_func(Object(Closure), Object(Illuminate\Http\Request))
#47 /opt/lampp/htdocs/kiko.designer.master/vendor/laravel/framework/src/Illuminate/Foundation/Http/Kernel.php(132): Illuminate\Pipeline\Pipeline->then(Object(Closure))
#48 /opt/lampp/htdocs/kiko.designer.master/vendor/laravel/framework/src/Illuminate/Foundation/Http/Kernel.php(99): Illuminate\Foundation\Http\Kernel->sendRequestThroughRouter(Object(Illuminate\Http\Request))
#49 /opt/lampp/htdocs/kiko.designer.master/public/index.php(54): Illuminate\Foundation\Http\Kernel->handle(Object(Illuminate\Http\Request))
#50 {main}  
[2017-06-22 15:20:52] production.ERROR: PDOException: PDO::__construct(): php_network_getaddresses: getaddrinfo failed: Name or service not known in /opt/lampp/htdocs/kiko.designer.master/vendor/laravel/framework/src/Illuminate/Database/Connectors/Connector.php:55
Stack trace:
#0 /opt/lampp/htdocs/kiko.designer.master/vendor/laravel/framework/src/Illuminate/Database/Connectors/Connector.php(55): PDO->__construct('mysql:host=brig...', 'brightgr_design...', 'uuq3cscAma1CYkJ...', Array)
#1 /opt/lampp/htdocs/kiko.designer.master/vendor/laravel/framework/src/Illuminate/Database/Connectors/MySqlConnector.php(24): Illuminate\Database\Connectors\Connector->createConnection('mysql:host=brig...', Array, Array)
#2 /opt/lampp/htdocs/kiko.designer.master/vendor/laravel/framework/src/Illuminate/Database/Connectors/ConnectionFactory.php(61): Illuminate\Database\Connectors\MySqlConnector->connect(Array)
#3 [internal function]: Illuminate\Database\Connectors\ConnectionFactory->Illuminate\Database\Connectors\{closure}()
#4 /opt/lampp/htdocs/kiko.designer.master/vendor/laravel/framework/src/Illuminate/Database/Connection.php(908): call_user_func(Object(Closure))
#5 /opt/lampp/htdocs/kiko.designer.master/vendor/laravel/framework/src/Illuminate/Database/Connection.php(776): Illuminate\Database\Connection->getPdo()
#6 /opt/lampp/htdocs/kiko.designer.master/vendor/laravel/framework/src/Illuminate/Database/Connection.php(661): Illuminate\Database\Connection->reconnectIfMissingConnection()
#7 /opt/lampp/htdocs/kiko.designer.master/vendor/laravel/framework/src/Illuminate/Database/Connection.php(342): Illuminate\Database\Connection->run('select * from `...', Array, Object(Closure))
#8 /opt/lampp/htdocs/kiko.designer.master/vendor/laravel/framework/src/Illuminate/Database/Query/Builder.php(1583): Illuminate\Database\Connection->select('select * from `...', Array, true)
#9 /opt/lampp/htdocs/kiko.designer.master/vendor/laravel/framework/src/Illuminate/Database/Query/Builder.php(1569): Illuminate\Database\Query\Builder->runSelect()
#10 /opt/lampp/htdocs/kiko.designer.master/vendor/laravel/framework/src/Illuminate/Database/Query/Builder.php(1550): Illuminate\Database\Query\Builder->get(Array)
#11 /opt/lampp/htdocs/kiko.designer.master/vendor/laravel/framework/src/Illuminate/Database/Query/Builder.php(1526): Illuminate\Database\Query\Builder->first(Array)
#12 /opt/lampp/htdocs/kiko.designer.master/vendor/laravel/framework/src/Illuminate/Session/DatabaseSessionHandler.php(76): Illuminate\Database\Query\Builder->find('611d2ad2017e7e1...')
#13 /opt/lampp/htdocs/kiko.designer.master/vendor/laravel/framework/src/Illuminate/Session/DatabaseSessionHandler.php(93): Illuminate\Session\DatabaseSessionHandler->read('611d2ad2017e7e1...')
#14 /opt/lampp/htdocs/kiko.designer.master/vendor/laravel/framework/src/Illuminate/Session/Store.php(262): Illuminate\Session\DatabaseSessionHandler->write('611d2ad2017e7e1...', 'a:1:{s:5:"flash...')
#15 /opt/lampp/htdocs/kiko.designer.master/vendor/laravel/framework/src/Illuminate/Session/Middleware/StartSession.php(88): Illuminate\Session\Store->save()
#16 /opt/lampp/htdocs/kiko.designer.master/vendor/laravel/framework/src/Illuminate/Foundation/Http/Kernel.php(155): Illuminate\Session\Middleware\StartSession->terminate(Object(Illuminate\Http\Request), Object(Illuminate\Http\Response))
#17 /opt/lampp/htdocs/kiko.designer.master/public/index.php(59): Illuminate\Foundation\Http\Kernel->terminate(Object(Illuminate\Http\Request), Object(Illuminate\Http\Response))
#18 {main}

Next PDOException: SQLSTATE[HY000] [2002] php_network_getaddresses: getaddrinfo failed: Name or service not known in /opt/lampp/htdocs/kiko.designer.master/vendor/laravel/framework/src/Illuminate/Database/Connectors/Connector.php:55
Stack trace:
#0 /opt/lampp/htdocs/kiko.designer.master/vendor/laravel/framework/src/Illuminate/Database/Connectors/Connector.php(55): PDO->__construct('mysql:host=brig...', 'brightgr_design...', 'uuq3cscAma1CYkJ...', Array)
#1 /opt/lampp/htdocs/kiko.designer.master/vendor/laravel/framework/src/Illuminate/Database/Connectors/MySqlConnector.php(24): Illuminate\Database\Connectors\Connector->createConnection('mysql:host=brig...', Array, Array)
#2 /opt/lampp/htdocs/kiko.designer.master/vendor/laravel/framework/src/Illuminate/Database/Connectors/ConnectionFactory.php(61): Illuminate\Database\Connectors\MySqlConnector->connect(Array)
#3 [internal function]: Illuminate\Database\Connectors\ConnectionFactory->Illuminate\Database\Connectors\{closure}()
#4 /opt/lampp/htdocs/kiko.designer.master/vendor/laravel/framework/src/Illuminate/Database/Connection.php(908): call_user_func(Object(Closure))
#5 /opt/lampp/htdocs/kiko.designer.master/vendor/laravel/framework/src/Illuminate/Database/Connection.php(776): Illuminate\Database\Connection->getPdo()
#6 /opt/lampp/htdocs/kiko.designer.master/vendor/laravel/framework/src/Illuminate/Database/Connection.php(661): Illuminate\Database\Connection->reconnectIfMissingConnection()
#7 /opt/lampp/htdocs/kiko.designer.master/vendor/laravel/framework/src/Illuminate/Database/Connection.php(342): Illuminate\Database\Connection->run('select * from `...', Array, Object(Closure))
#8 /opt/lampp/htdocs/kiko.designer.master/vendor/laravel/framework/src/Illuminate/Database/Query/Builder.php(1583): Illuminate\Database\Connection->select('select * from `...', Array, true)
#9 /opt/lampp/htdocs/kiko.designer.master/vendor/laravel/framework/src/Illuminate/Database/Query/Builder.php(1569): Illuminate\Database\Query\Builder->runSelect()
#10 /opt/lampp/htdocs/kiko.designer.master/vendor/laravel/framework/src/Illuminate/Database/Query/Builder.php(1550): Illuminate\Database\Query\Builder->get(Array)
#11 /opt/lampp/htdocs/kiko.designer.master/vendor/laravel/framework/src/Illuminate/Database/Query/Builder.php(1526): Illuminate\Database\Query\Builder->first(Array)
#12 /opt/lampp/htdocs/kiko.designer.master/vendor/laravel/framework/src/Illuminate/Session/DatabaseSessionHandler.php(76): Illuminate\Database\Query\Builder->find('611d2ad2017e7e1...')
#13 /opt/lampp/htdocs/kiko.designer.master/vendor/laravel/framework/src/Illuminate/Session/DatabaseSessionHandler.php(93): Illuminate\Session\DatabaseSessionHandler->read('611d2ad2017e7e1...')
#14 /opt/lampp/htdocs/kiko.designer.master/vendor/laravel/framework/src/Illuminate/Session/Store.php(262): Illuminate\Session\DatabaseSessionHandler->write('611d2ad2017e7e1...', 'a:1:{s:5:"flash...')
#15 /opt/lampp/htdocs/kiko.designer.master/vendor/laravel/framework/src/Illuminate/Session/Middleware/StartSession.php(88): Illuminate\Session\Store->save()
#16 /opt/lampp/htdocs/kiko.designer.master/vendor/laravel/framework/src/Illuminate/Foundation/Http/Kernel.php(155): Illuminate\Session\Middleware\StartSession->terminate(Object(Illuminate\Http\Request), Object(Illuminate\Http\Response))
#17 /opt/lampp/htdocs/kiko.designer.master/public/index.php(59): Illuminate\Foundation\Http\Kernel->terminate(Object(Illuminate\Http\Request), Object(Illuminate\Http\Response))
#18 {main}  
[2017-06-22 15:24:01] production.ERROR: PDOException: PDO::__construct(): php_network_getaddresses: getaddrinfo failed: Name or service not known in /opt/lampp/htdocs/kiko.designer.master/vendor/laravel/framework/src/Illuminate/Database/Connectors/Connector.php:55
Stack trace:
#0 /opt/lampp/htdocs/kiko.designer.master/vendor/laravel/framework/src/Illuminate/Database/Connectors/Connector.php(55): PDO->__construct('mysql:host=brig...', 'brightgr_design...', 'uuq3cscAma1CYkJ...', Array)
#1 /opt/lampp/htdocs/kiko.designer.master/vendor/laravel/framework/src/Illuminate/Database/Connectors/MySqlConnector.php(24): Illuminate\Database\Connectors\Connector->createConnection('mysql:host=brig...', Array, Array)
#2 /opt/lampp/htdocs/kiko.designer.master/vendor/laravel/framework/src/Illuminate/Database/Connectors/ConnectionFactory.php(61): Illuminate\Database\Connectors\MySqlConnector->connect(Array)
#3 [internal function]: Illuminate\Database\Connectors\ConnectionFactory->Illuminate\Database\Connectors\{closure}()
#4 /opt/lampp/htdocs/kiko.designer.master/vendor/laravel/framework/src/Illuminate/Database/Connection.php(908): call_user_func(Object(Closure))
#5 /opt/lampp/htdocs/kiko.designer.master/vendor/laravel/framework/src/Illuminate/Database/Connection.php(776): Illuminate\Database\Connection->getPdo()
#6 /opt/lampp/htdocs/kiko.designer.master/vendor/laravel/framework/src/Illuminate/Database/Connection.php(661): Illuminate\Database\Connection->reconnectIfMissingConnection()
#7 /opt/lampp/htdocs/kiko.designer.master/vendor/laravel/framework/src/Illuminate/Database/Connection.php(342): Illuminate\Database\Connection->run('select * from `...', Array, Object(Closure))
#8 /opt/lampp/htdocs/kiko.designer.master/vendor/laravel/framework/src/Illuminate/Database/Query/Builder.php(1583): Illuminate\Database\Connection->select('select * from `...', Array, true)
#9 /opt/lampp/htdocs/kiko.designer.master/vendor/laravel/framework/src/Illuminate/Database/Query/Builder.php(1569): Illuminate\Database\Query\Builder->runSelect()
#10 /opt/lampp/htdocs/kiko.designer.master/vendor/laravel/framework/src/Illuminate/Database/Query/Builder.php(1550): Illuminate\Database\Query\Builder->get(Array)
#11 /opt/lampp/htdocs/kiko.designer.master/vendor/laravel/framework/src/Illuminate/Database/Query/Builder.php(1526): Illuminate\Database\Query\Builder->first(Array)
#12 /opt/lampp/htdocs/kiko.designer.master/vendor/laravel/framework/src/Illuminate/Session/DatabaseSessionHandler.php(76): Illuminate\Database\Query\Builder->find('93eaf948354c907...')
#13 /opt/lampp/htdocs/kiko.designer.master/vendor/laravel/framework/src/Illuminate/Session/Store.php(124): Illuminate\Session\DatabaseSessionHandler->read('93eaf948354c907...')
#14 /opt/lampp/htdocs/kiko.designer.master/vendor/laravel/framework/src/Illuminate/Session/Store.php(108): Illuminate\Session\Store->readFromHandler()
#15 /opt/lampp/htdocs/kiko.designer.master/vendor/laravel/framework/src/Illuminate/Session/Store.php(92): Illuminate\Session\Store->loadSession()
#16 /opt/lampp/htdocs/kiko.designer.master/vendor/laravel/framework/src/Illuminate/Session/Middleware/StartSession.php(104): Illuminate\Session\Store->start()
#17 /opt/lampp/htdocs/kiko.designer.master/vendor/laravel/framework/src/Illuminate/Session/Middleware/StartSession.php(57): Illuminate\Session\Middleware\StartSession->startSession(Object(Illuminate\Http\Request))
#18 [internal function]: Illuminate\Session\Middleware\StartSession->handle(Object(Illuminate\Http\Request), Object(Closure))
#19 /opt/lampp/htdocs/kiko.designer.master/vendor/laravel/framework/src/Illuminate/Pipeline/Pipeline.php(136): call_user_func_array(Array, Array)
#20 [internal function]: Illuminate\Pipeline\Pipeline->Illuminate\Pipeline\{closure}(Object(Illuminate\Http\Request))
#21 /opt/lampp/htdocs/kiko.designer.master/vendor/laravel/framework/src/Illuminate/Routing/Pipeline.php(32): call_user_func(Object(Closure), Object(Illuminate\Http\Request))
#22 /opt/lampp/htdocs/kiko.designer.master/vendor/laravel/framework/src/Illuminate/Cookie/Middleware/AddQueuedCookiesToResponse.php(37): Illuminate\Routing\Pipeline->Illuminate\Routing\{closure}(Object(Illuminate\Http\Request))
#23 [internal function]: Illuminate\Cookie\Middleware\AddQueuedCookiesToResponse->handle(Object(Illuminate\Http\Request), Object(Closure))
#24 /opt/lampp/htdocs/kiko.designer.master/vendor/laravel/framework/src/Illuminate/Pipeline/Pipeline.php(136): call_user_func_array(Array, Array)
#25 [internal function]: Illuminate\Pipeline\Pipeline->Illuminate\Pipeline\{closure}(Object(Illuminate\Http\Request))
#26 /opt/lampp/htdocs/kiko.designer.master/vendor/laravel/framework/src/Illuminate/Routing/Pipeline.php(32): call_user_func(Object(Closure), Object(Illuminate\Http\Request))
#27 /opt/lampp/htdocs/kiko.designer.master/vendor/laravel/framework/src/Illuminate/Cookie/Middleware/EncryptCookies.php(59): Illuminate\Routing\Pipeline->Illuminate\Routing\{closure}(Object(Illuminate\Http\Request))
#28 [internal function]: Illuminate\Cookie\Middleware\EncryptCookies->handle(Object(Illuminate\Http\Request), Object(Closure))
#29 /opt/lampp/htdocs/kiko.designer.master/vendor/laravel/framework/src/Illuminate/Pipeline/Pipeline.php(136): call_user_func_array(Array, Array)
#30 [internal function]: Illuminate\Pipeline\Pipeline->Illuminate\Pipeline\{closure}(Object(Illuminate\Http\Request))
#31 /opt/lampp/htdocs/kiko.designer.master/vendor/laravel/framework/src/Illuminate/Routing/Pipeline.php(32): call_user_func(Object(Closure), Object(Illuminate\Http\Request))
#32 [internal function]: Illuminate\Routing\Pipeline->Illuminate\Routing\{closure}(Object(Illuminate\Http\Request))
#33 /opt/lampp/htdocs/kiko.designer.master/vendor/laravel/framework/src/Illuminate/Pipeline/Pipeline.php(102): call_user_func(Object(Closure), Object(Illuminate\Http\Request))
#34 /opt/lampp/htdocs/kiko.designer.master/vendor/laravel/framework/src/Illuminate/Routing/Router.php(726): Illuminate\Pipeline\Pipeline->then(Object(Closure))
#35 /opt/lampp/htdocs/kiko.designer.master/vendor/laravel/framework/src/Illuminate/Routing/Router.php(699): Illuminate\Routing\Router->runRouteWithinStack(Object(Illuminate\Routing\Route), Object(Illuminate\Http\Request))
#36 /opt/lampp/htdocs/kiko.designer.master/vendor/laravel/framework/src/Illuminate/Routing/Router.php(675): Illuminate\Routing\Router->dispatchToRoute(Object(Illuminate\Http\Request))
#37 /opt/lampp/htdocs/kiko.designer.master/vendor/laravel/framework/src/Illuminate/Foundation/Http/Kernel.php(246): Illuminate\Routing\Router->dispatch(Object(Illuminate\Http\Request))
#38 [internal function]: Illuminate\Foundation\Http\Kernel->Illuminate\Foundation\Http\{closure}(Object(Illuminate\Http\Request))
#39 /opt/lampp/htdocs/kiko.designer.master/vendor/laravel/framework/src/Illuminate/Routing/Pipeline.php(52): call_user_func(Object(Closure), Object(Illuminate\Http\Request))
#40 /opt/lampp/htdocs/kiko.designer.master/app/Http/Middleware/SecureConnection.php(21): Illuminate\Routing\Pipeline->Illuminate\Routing\{closure}(Object(Illuminate\Http\Request))
#41 [internal function]: App\Http\Middleware\SecureConnection->handle(Object(Illuminate\Http\Request), Object(Closure))
#42 /opt/lampp/htdocs/kiko.designer.master/vendor/laravel/framework/src/Illuminate/Pipeline/Pipeline.php(136): call_user_func_array(Array, Array)
#43 [internal function]: Illuminate\Pipeline\Pipeline->Illuminate\Pipeline\{closure}(Object(Illuminate\Http\Request))
#44 /opt/lampp/htdocs/kiko.designer.master/vendor/laravel/framework/src/Illuminate/Routing/Pipeline.php(32): call_user_func(Object(Closure), Object(Illuminate\Http\Request))
#45 [internal function]: Illuminate\Routing\Pipeline->Illuminate\Routing\{closure}(Object(Illuminate\Http\Request))
#46 /opt/lampp/htdocs/kiko.designer.master/vendor/laravel/framework/src/Illuminate/Pipeline/Pipeline.php(102): call_user_func(Object(Closure), Object(Illuminate\Http\Request))
#47 /opt/lampp/htdocs/kiko.designer.master/vendor/laravel/framework/src/Illuminate/Foundation/Http/Kernel.php(132): Illuminate\Pipeline\Pipeline->then(Object(Closure))
#48 /opt/lampp/htdocs/kiko.designer.master/vendor/laravel/framework/src/Illuminate/Foundation/Http/Kernel.php(99): Illuminate\Foundation\Http\Kernel->sendRequestThroughRouter(Object(Illuminate\Http\Request))
#49 /opt/lampp/htdocs/kiko.designer.master/public/index.php(54): Illuminate\Foundation\Http\Kernel->handle(Object(Illuminate\Http\Request))
#50 {main}

Next PDOException: SQLSTATE[HY000] [2002] php_network_getaddresses: getaddrinfo failed: Name or service not known in /opt/lampp/htdocs/kiko.designer.master/vendor/laravel/framework/src/Illuminate/Database/Connectors/Connector.php:55
Stack trace:
#0 /opt/lampp/htdocs/kiko.designer.master/vendor/laravel/framework/src/Illuminate/Database/Connectors/Connector.php(55): PDO->__construct('mysql:host=brig...', 'brightgr_design...', 'uuq3cscAma1CYkJ...', Array)
#1 /opt/lampp/htdocs/kiko.designer.master/vendor/laravel/framework/src/Illuminate/Database/Connectors/MySqlConnector.php(24): Illuminate\Database\Connectors\Connector->createConnection('mysql:host=brig...', Array, Array)
#2 /opt/lampp/htdocs/kiko.designer.master/vendor/laravel/framework/src/Illuminate/Database/Connectors/ConnectionFactory.php(61): Illuminate\Database\Connectors\MySqlConnector->connect(Array)
#3 [internal function]: Illuminate\Database\Connectors\ConnectionFactory->Illuminate\Database\Connectors\{closure}()
#4 /opt/lampp/htdocs/kiko.designer.master/vendor/laravel/framework/src/Illuminate/Database/Connection.php(908): call_user_func(Object(Closure))
#5 /opt/lampp/htdocs/kiko.designer.master/vendor/laravel/framework/src/Illuminate/Database/Connection.php(776): Illuminate\Database\Connection->getPdo()
#6 /opt/lampp/htdocs/kiko.designer.master/vendor/laravel/framework/src/Illuminate/Database/Connection.php(661): Illuminate\Database\Connection->reconnectIfMissingConnection()
#7 /opt/lampp/htdocs/kiko.designer.master/vendor/laravel/framework/src/Illuminate/Database/Connection.php(342): Illuminate\Database\Connection->run('select * from `...', Array, Object(Closure))
#8 /opt/lampp/htdocs/kiko.designer.master/vendor/laravel/framework/src/Illuminate/Database/Query/Builder.php(1583): Illuminate\Database\Connection->select('select * from `...', Array, true)
#9 /opt/lampp/htdocs/kiko.designer.master/vendor/laravel/framework/src/Illuminate/Database/Query/Builder.php(1569): Illuminate\Database\Query\Builder->runSelect()
#10 /opt/lampp/htdocs/kiko.designer.master/vendor/laravel/framework/src/Illuminate/Database/Query/Builder.php(1550): Illuminate\Database\Query\Builder->get(Array)
#11 /opt/lampp/htdocs/kiko.designer.master/vendor/laravel/framework/src/Illuminate/Database/Query/Builder.php(1526): Illuminate\Database\Query\Builder->first(Array)
#12 /opt/lampp/htdocs/kiko.designer.master/vendor/laravel/framework/src/Illuminate/Session/DatabaseSessionHandler.php(76): Illuminate\Database\Query\Builder->find('93eaf948354c907...')
#13 /opt/lampp/htdocs/kiko.designer.master/vendor/laravel/framework/src/Illuminate/Session/Store.php(124): Illuminate\Session\DatabaseSessionHandler->read('93eaf948354c907...')
#14 /opt/lampp/htdocs/kiko.designer.master/vendor/laravel/framework/src/Illuminate/Session/Store.php(108): Illuminate\Session\Store->readFromHandler()
#15 /opt/lampp/htdocs/kiko.designer.master/vendor/laravel/framework/src/Illuminate/Session/Store.php(92): Illuminate\Session\Store->loadSession()
#16 /opt/lampp/htdocs/kiko.designer.master/vendor/laravel/framework/src/Illuminate/Session/Middleware/StartSession.php(104): Illuminate\Session\Store->start()
#17 /opt/lampp/htdocs/kiko.designer.master/vendor/laravel/framework/src/Illuminate/Session/Middleware/StartSession.php(57): Illuminate\Session\Middleware\StartSession->startSession(Object(Illuminate\Http\Request))
#18 [internal function]: Illuminate\Session\Middleware\StartSession->handle(Object(Illuminate\Http\Request), Object(Closure))
#19 /opt/lampp/htdocs/kiko.designer.master/vendor/laravel/framework/src/Illuminate/Pipeline/Pipeline.php(136): call_user_func_array(Array, Array)
#20 [internal function]: Illuminate\Pipeline\Pipeline->Illuminate\Pipeline\{closure}(Object(Illuminate\Http\Request))
#21 /opt/lampp/htdocs/kiko.designer.master/vendor/laravel/framework/src/Illuminate/Routing/Pipeline.php(32): call_user_func(Object(Closure), Object(Illuminate\Http\Request))
#22 /opt/lampp/htdocs/kiko.designer.master/vendor/laravel/framework/src/Illuminate/Cookie/Middleware/AddQueuedCookiesToResponse.php(37): Illuminate\Routing\Pipeline->Illuminate\Routing\{closure}(Object(Illuminate\Http\Request))
#23 [internal function]: Illuminate\Cookie\Middleware\AddQueuedCookiesToResponse->handle(Object(Illuminate\Http\Request), Object(Closure))
#24 /opt/lampp/htdocs/kiko.designer.master/vendor/laravel/framework/src/Illuminate/Pipeline/Pipeline.php(136): call_user_func_array(Array, Array)
#25 [internal function]: Illuminate\Pipeline\Pipeline->Illuminate\Pipeline\{closure}(Object(Illuminate\Http\Request))
#26 /opt/lampp/htdocs/kiko.designer.master/vendor/laravel/framework/src/Illuminate/Routing/Pipeline.php(32): call_user_func(Object(Closure), Object(Illuminate\Http\Request))
#27 /opt/lampp/htdocs/kiko.designer.master/vendor/laravel/framework/src/Illuminate/Cookie/Middleware/EncryptCookies.php(59): Illuminate\Routing\Pipeline->Illuminate\Routing\{closure}(Object(Illuminate\Http\Request))
#28 [internal function]: Illuminate\Cookie\Middleware\EncryptCookies->handle(Object(Illuminate\Http\Request), Object(Closure))
#29 /opt/lampp/htdocs/kiko.designer.master/vendor/laravel/framework/src/Illuminate/Pipeline/Pipeline.php(136): call_user_func_array(Array, Array)
#30 [internal function]: Illuminate\Pipeline\Pipeline->Illuminate\Pipeline\{closure}(Object(Illuminate\Http\Request))
#31 /opt/lampp/htdocs/kiko.designer.master/vendor/laravel/framework/src/Illuminate/Routing/Pipeline.php(32): call_user_func(Object(Closure), Object(Illuminate\Http\Request))
#32 [internal function]: Illuminate\Routing\Pipeline->Illuminate\Routing\{closure}(Object(Illuminate\Http\Request))
#33 /opt/lampp/htdocs/kiko.designer.master/vendor/laravel/framework/src/Illuminate/Pipeline/Pipeline.php(102): call_user_func(Object(Closure), Object(Illuminate\Http\Request))
#34 /opt/lampp/htdocs/kiko.designer.master/vendor/laravel/framework/src/Illuminate/Routing/Router.php(726): Illuminate\Pipeline\Pipeline->then(Object(Closure))
#35 /opt/lampp/htdocs/kiko.designer.master/vendor/laravel/framework/src/Illuminate/Routing/Router.php(699): Illuminate\Routing\Router->runRouteWithinStack(Object(Illuminate\Routing\Route), Object(Illuminate\Http\Request))
#36 /opt/lampp/htdocs/kiko.designer.master/vendor/laravel/framework/src/Illuminate/Routing/Router.php(675): Illuminate\Routing\Router->dispatchToRoute(Object(Illuminate\Http\Request))
#37 /opt/lampp/htdocs/kiko.designer.master/vendor/laravel/framework/src/Illuminate/Foundation/Http/Kernel.php(246): Illuminate\Routing\Router->dispatch(Object(Illuminate\Http\Request))
#38 [internal function]: Illuminate\Foundation\Http\Kernel->Illuminate\Foundation\Http\{closure}(Object(Illuminate\Http\Request))
#39 /opt/lampp/htdocs/kiko.designer.master/vendor/laravel/framework/src/Illuminate/Routing/Pipeline.php(52): call_user_func(Object(Closure), Object(Illuminate\Http\Request))
#40 /opt/lampp/htdocs/kiko.designer.master/app/Http/Middleware/SecureConnection.php(21): Illuminate\Routing\Pipeline->Illuminate\Routing\{closure}(Object(Illuminate\Http\Request))
#41 [internal function]: App\Http\Middleware\SecureConnection->handle(Object(Illuminate\Http\Request), Object(Closure))
#42 /opt/lampp/htdocs/kiko.designer.master/vendor/laravel/framework/src/Illuminate/Pipeline/Pipeline.php(136): call_user_func_array(Array, Array)
#43 [internal function]: Illuminate\Pipeline\Pipeline->Illuminate\Pipeline\{closure}(Object(Illuminate\Http\Request))
#44 /opt/lampp/htdocs/kiko.designer.master/vendor/laravel/framework/src/Illuminate/Routing/Pipeline.php(32): call_user_func(Object(Closure), Object(Illuminate\Http\Request))
#45 [internal function]: Illuminate\Routing\Pipeline->Illuminate\Routing\{closure}(Object(Illuminate\Http\Request))
#46 /opt/lampp/htdocs/kiko.designer.master/vendor/laravel/framework/src/Illuminate/Pipeline/Pipeline.php(102): call_user_func(Object(Closure), Object(Illuminate\Http\Request))
#47 /opt/lampp/htdocs/kiko.designer.master/vendor/laravel/framework/src/Illuminate/Foundation/Http/Kernel.php(132): Illuminate\Pipeline\Pipeline->then(Object(Closure))
#48 /opt/lampp/htdocs/kiko.designer.master/vendor/laravel/framework/src/Illuminate/Foundation/Http/Kernel.php(99): Illuminate\Foundation\Http\Kernel->sendRequestThroughRouter(Object(Illuminate\Http\Request))
#49 /opt/lampp/htdocs/kiko.designer.master/public/index.php(54): Illuminate\Foundation\Http\Kernel->handle(Object(Illuminate\Http\Request))
#50 {main}  
[2017-06-22 15:24:21] production.ERROR: PDOException: PDO::__construct(): php_network_getaddresses: getaddrinfo failed: Name or service not known in /opt/lampp/htdocs/kiko.designer.master/vendor/laravel/framework/src/Illuminate/Database/Connectors/Connector.php:55
Stack trace:
#0 /opt/lampp/htdocs/kiko.designer.master/vendor/laravel/framework/src/Illuminate/Database/Connectors/Connector.php(55): PDO->__construct('mysql:host=brig...', 'brightgr_design...', 'uuq3cscAma1CYkJ...', Array)
#1 /opt/lampp/htdocs/kiko.designer.master/vendor/laravel/framework/src/Illuminate/Database/Connectors/MySqlConnector.php(24): Illuminate\Database\Connectors\Connector->createConnection('mysql:host=brig...', Array, Array)
#2 /opt/lampp/htdocs/kiko.designer.master/vendor/laravel/framework/src/Illuminate/Database/Connectors/ConnectionFactory.php(61): Illuminate\Database\Connectors\MySqlConnector->connect(Array)
#3 [internal function]: Illuminate\Database\Connectors\ConnectionFactory->Illuminate\Database\Connectors\{closure}()
#4 /opt/lampp/htdocs/kiko.designer.master/vendor/laravel/framework/src/Illuminate/Database/Connection.php(908): call_user_func(Object(Closure))
#5 /opt/lampp/htdocs/kiko.designer.master/vendor/laravel/framework/src/Illuminate/Database/Connection.php(776): Illuminate\Database\Connection->getPdo()
#6 /opt/lampp/htdocs/kiko.designer.master/vendor/laravel/framework/src/Illuminate/Database/Connection.php(661): Illuminate\Database\Connection->reconnectIfMissingConnection()
#7 /opt/lampp/htdocs/kiko.designer.master/vendor/laravel/framework/src/Illuminate/Database/Connection.php(342): Illuminate\Database\Connection->run('select * from `...', Array, Object(Closure))
#8 /opt/lampp/htdocs/kiko.designer.master/vendor/laravel/framework/src/Illuminate/Database/Query/Builder.php(1583): Illuminate\Database\Connection->select('select * from `...', Array, true)
#9 /opt/lampp/htdocs/kiko.designer.master/vendor/laravel/framework/src/Illuminate/Database/Query/Builder.php(1569): Illuminate\Database\Query\Builder->runSelect()
#10 /opt/lampp/htdocs/kiko.designer.master/vendor/laravel/framework/src/Illuminate/Database/Query/Builder.php(1550): Illuminate\Database\Query\Builder->get(Array)
#11 /opt/lampp/htdocs/kiko.designer.master/vendor/laravel/framework/src/Illuminate/Database/Query/Builder.php(1526): Illuminate\Database\Query\Builder->first(Array)
#12 /opt/lampp/htdocs/kiko.designer.master/vendor/laravel/framework/src/Illuminate/Session/DatabaseSessionHandler.php(76): Illuminate\Database\Query\Builder->find('93eaf948354c907...')
#13 /opt/lampp/htdocs/kiko.designer.master/vendor/laravel/framework/src/Illuminate/Session/DatabaseSessionHandler.php(93): Illuminate\Session\DatabaseSessionHandler->read('93eaf948354c907...')
#14 /opt/lampp/htdocs/kiko.designer.master/vendor/laravel/framework/src/Illuminate/Session/Store.php(262): Illuminate\Session\DatabaseSessionHandler->write('93eaf948354c907...', 'a:1:{s:5:"flash...')
#15 /opt/lampp/htdocs/kiko.designer.master/vendor/laravel/framework/src/Illuminate/Session/Middleware/StartSession.php(88): Illuminate\Session\Store->save()
#16 /opt/lampp/htdocs/kiko.designer.master/vendor/laravel/framework/src/Illuminate/Foundation/Http/Kernel.php(155): Illuminate\Session\Middleware\StartSession->terminate(Object(Illuminate\Http\Request), Object(Illuminate\Http\Response))
#17 /opt/lampp/htdocs/kiko.designer.master/public/index.php(59): Illuminate\Foundation\Http\Kernel->terminate(Object(Illuminate\Http\Request), Object(Illuminate\Http\Response))
#18 {main}

Next PDOException: SQLSTATE[HY000] [2002] php_network_getaddresses: getaddrinfo failed: Name or service not known in /opt/lampp/htdocs/kiko.designer.master/vendor/laravel/framework/src/Illuminate/Database/Connectors/Connector.php:55
Stack trace:
#0 /opt/lampp/htdocs/kiko.designer.master/vendor/laravel/framework/src/Illuminate/Database/Connectors/Connector.php(55): PDO->__construct('mysql:host=brig...', 'brightgr_design...', 'uuq3cscAma1CYkJ...', Array)
#1 /opt/lampp/htdocs/kiko.designer.master/vendor/laravel/framework/src/Illuminate/Database/Connectors/MySqlConnector.php(24): Illuminate\Database\Connectors\Connector->createConnection('mysql:host=brig...', Array, Array)
#2 /opt/lampp/htdocs/kiko.designer.master/vendor/laravel/framework/src/Illuminate/Database/Connectors/ConnectionFactory.php(61): Illuminate\Database\Connectors\MySqlConnector->connect(Array)
#3 [internal function]: Illuminate\Database\Connectors\ConnectionFactory->Illuminate\Database\Connectors\{closure}()
#4 /opt/lampp/htdocs/kiko.designer.master/vendor/laravel/framework/src/Illuminate/Database/Connection.php(908): call_user_func(Object(Closure))
#5 /opt/lampp/htdocs/kiko.designer.master/vendor/laravel/framework/src/Illuminate/Database/Connection.php(776): Illuminate\Database\Connection->getPdo()
#6 /opt/lampp/htdocs/kiko.designer.master/vendor/laravel/framework/src/Illuminate/Database/Connection.php(661): Illuminate\Database\Connection->reconnectIfMissingConnection()
#7 /opt/lampp/htdocs/kiko.designer.master/vendor/laravel/framework/src/Illuminate/Database/Connection.php(342): Illuminate\Database\Connection->run('select * from `...', Array, Object(Closure))
#8 /opt/lampp/htdocs/kiko.designer.master/vendor/laravel/framework/src/Illuminate/Database/Query/Builder.php(1583): Illuminate\Database\Connection->select('select * from `...', Array, true)
#9 /opt/lampp/htdocs/kiko.designer.master/vendor/laravel/framework/src/Illuminate/Database/Query/Builder.php(1569): Illuminate\Database\Query\Builder->runSelect()
#10 /opt/lampp/htdocs/kiko.designer.master/vendor/laravel/framework/src/Illuminate/Database/Query/Builder.php(1550): Illuminate\Database\Query\Builder->get(Array)
#11 /opt/lampp/htdocs/kiko.designer.master/vendor/laravel/framework/src/Illuminate/Database/Query/Builder.php(1526): Illuminate\Database\Query\Builder->first(Array)
#12 /opt/lampp/htdocs/kiko.designer.master/vendor/laravel/framework/src/Illuminate/Session/DatabaseSessionHandler.php(76): Illuminate\Database\Query\Builder->find('93eaf948354c907...')
#13 /opt/lampp/htdocs/kiko.designer.master/vendor/laravel/framework/src/Illuminate/Session/DatabaseSessionHandler.php(93): Illuminate\Session\DatabaseSessionHandler->read('93eaf948354c907...')
#14 /opt/lampp/htdocs/kiko.designer.master/vendor/laravel/framework/src/Illuminate/Session/Store.php(262): Illuminate\Session\DatabaseSessionHandler->write('93eaf948354c907...', 'a:1:{s:5:"flash...')
#15 /opt/lampp/htdocs/kiko.designer.master/vendor/laravel/framework/src/Illuminate/Session/Middleware/StartSession.php(88): Illuminate\Session\Store->save()
#16 /opt/lampp/htdocs/kiko.designer.master/vendor/laravel/framework/src/Illuminate/Foundation/Http/Kernel.php(155): Illuminate\Session\Middleware\StartSession->terminate(Object(Illuminate\Http\Request), Object(Illuminate\Http\Response))
#17 /opt/lampp/htdocs/kiko.designer.master/public/index.php(59): Illuminate\Foundation\Http\Kernel->terminate(Object(Illuminate\Http\Request), Object(Illuminate\Http\Response))
#18 {main}  
